mode: atomic
github.com/ojo-network/ojo/util/genmap/genmap.go:6.61,8.22 2 5
github.com/ojo-network/ojo/util/genmap/genmap.go:13.2,13.15 1 5
github.com/ojo-network/ojo/util/genmap/genmap.go:8.22,9.30 1 5
github.com/ojo-network/ojo/util/genmap/genmap.go:9.30,11.4 1 4
github.com/ojo-network/ojo/util/genmap/list.go:4.47,5.20 1 0
github.com/ojo-network/ojo/util/genmap/list.go:10.2,10.14 1 0
github.com/ojo-network/ojo/util/genmap/list.go:5.20,6.17 1 0
github.com/ojo-network/ojo/util/genmap/list.go:6.17,8.4 1 0
github.com/ojo-network/ojo/x/oracle/types/events.pb.go:36.52,36.87 1 0
github.com/ojo-network/ojo/x/oracle/types/events.pb.go:37.52,37.89 1 0
github.com/ojo-network/ojo/x/oracle/types/events.pb.go:38.53,38.54 0 0
github.com/ojo-network/ojo/x/oracle/types/events.pb.go:39.63,41.2 1 0
github.com/ojo-network/ojo/x/oracle/types/events.pb.go:42.66,44.2 1 0
github.com/ojo-network/ojo/x/oracle/types/events.pb.go:45.94,46.19 1 0
github.com/ojo-network/ojo/x/oracle/types/events.pb.go:46.19,48.3 1 0
github.com/ojo-network/ojo/x/oracle/types/events.pb.go:48.8,51.17 3 0
github.com/ojo-network/ojo/x/oracle/types/events.pb.go:54.3,54.20 1 0
github.com/ojo-network/ojo/x/oracle/types/events.pb.go:51.17,53.4 1 0
github.com/ojo-network/ojo/x/oracle/types/events.pb.go:57.65,59.2 1 0
github.com/ojo-network/ojo/x/oracle/types/events.pb.go:60.51,62.2 1 0
github.com/ojo-network/ojo/x/oracle/types/events.pb.go:63.57,65.2 1 0
github.com/ojo-network/ojo/x/oracle/types/events.pb.go:77.42,77.67 1 0
github.com/ojo-network/ojo/x/oracle/types/events.pb.go:78.42,78.79 1 0
github.com/ojo-network/ojo/x/oracle/types/events.pb.go:79.43,79.44 0 0
github.com/ojo-network/ojo/x/oracle/types/events.pb.go:80.53,82.2 1 0
github.com/ojo-network/ojo/x/oracle/types/events.pb.go:83.56,85.2 1 0
github.com/ojo-network/ojo/x/oracle/types/events.pb.go:86.84,87.19 1 0
github.com/ojo-network/ojo/x/oracle/types/events.pb.go:87.19,89.3 1 0
github.com/ojo-network/ojo/x/oracle/types/events.pb.go:89.8,92.17 3 0
github.com/ojo-network/ojo/x/oracle/types/events.pb.go:95.3,95.20 1 0
github.com/ojo-network/ojo/x/oracle/types/events.pb.go:92.17,94.4 1 0
github.com/ojo-network/ojo/x/oracle/types/events.pb.go:98.55,100.2 1 0
github.com/ojo-network/ojo/x/oracle/types/events.pb.go:101.41,103.2 1 0
github.com/ojo-network/ojo/x/oracle/types/events.pb.go:104.47,106.2 1 0
github.com/ojo-network/ojo/x/oracle/types/events.pb.go:110.13,113.2 2 1
github.com/ojo-network/ojo/x/oracle/types/events.pb.go:115.13,115.98 1 1
github.com/ojo-network/ojo/x/oracle/types/events.pb.go:141.71,145.16 4 0
github.com/ojo-network/ojo/x/oracle/types/events.pb.go:148.2,148.22 1 0
github.com/ojo-network/ojo/x/oracle/types/events.pb.go:145.16,147.3 1 0
github.com/ojo-network/ojo/x/oracle/types/events.pb.go:151.72,154.2 2 0
github.com/ojo-network/ojo/x/oracle/types/events.pb.go:156.83,161.25 5 0
github.com/ojo-network/ojo/x/oracle/types/events.pb.go:168.2,168.25 1 0
github.com/ojo-network/ojo/x/oracle/types/events.pb.go:175.2,175.27 1 0
github.com/ojo-network/ojo/x/oracle/types/events.pb.go:161.25,167.3 5 0
github.com/ojo-network/ojo/x/oracle/types/events.pb.go:168.25,174.3 5 0
github.com/ojo-network/ojo/x/oracle/types/events.pb.go:178.61,182.16 4 0
github.com/ojo-network/ojo/x/oracle/types/events.pb.go:185.2,185.22 1 0
github.com/ojo-network/ojo/x/oracle/types/events.pb.go:182.16,184.3 1 0
github.com/ojo-network/ojo/x/oracle/types/events.pb.go:188.62,191.2 2 0
github.com/ojo-network/ojo/x/oracle/types/events.pb.go:193.73,198.2 5 0
github.com/ojo-network/ojo/x/oracle/types/events.pb.go:206.2,208.22 3 0
github.com/ojo-network/ojo/x/oracle/types/events.pb.go:215.2,215.27 1 0
github.com/ojo-network/ojo/x/oracle/types/events.pb.go:198.2,201.55 3 0
github.com/ojo-network/ojo/x/oracle/types/events.pb.go:204.3,204.48 1 0
github.com/ojo-network/ojo/x/oracle/types/events.pb.go:201.55,203.4 1 0
github.com/ojo-network/ojo/x/oracle/types/events.pb.go:208.22,214.3 5 0
github.com/ojo-network/ojo/x/oracle/types/events.pb.go:218.64,221.16 3 0
github.com/ojo-network/ojo/x/oracle/types/events.pb.go:226.2,227.13 2 0
github.com/ojo-network/ojo/x/oracle/types/events.pb.go:221.16,225.3 3 0
github.com/ojo-network/ojo/x/oracle/types/events.pb.go:229.51,230.14 1 0
github.com/ojo-network/ojo/x/oracle/types/events.pb.go:233.2,236.11 4 0
github.com/ojo-network/ojo/x/oracle/types/events.pb.go:239.2,240.11 2 0
github.com/ojo-network/ojo/x/oracle/types/events.pb.go:243.2,243.10 1 0
github.com/ojo-network/ojo/x/oracle/types/events.pb.go:230.14,232.3 1 0
github.com/ojo-network/ojo/x/oracle/types/events.pb.go:236.11,238.3 1 0
github.com/ojo-network/ojo/x/oracle/types/events.pb.go:240.11,242.3 1 0
github.com/ojo-network/ojo/x/oracle/types/events.pb.go:246.41,247.14 1 0
github.com/ojo-network/ojo/x/oracle/types/events.pb.go:250.2,253.11 4 0
github.com/ojo-network/ojo/x/oracle/types/events.pb.go:256.2,258.10 3 0
github.com/ojo-network/ojo/x/oracle/types/events.pb.go:247.14,249.3 1 0
github.com/ojo-network/ojo/x/oracle/types/events.pb.go:253.11,255.3 1 0
github.com/ojo-network/ojo/x/oracle/types/events.pb.go:261.34,263.2 1 0
github.com/ojo-network/ojo/x/oracle/types/events.pb.go:264.34,266.2 1 0
github.com/ojo-network/ojo/x/oracle/types/events.pb.go:267.65,270.16 3 0
github.com/ojo-network/ojo/x/oracle/types/events.pb.go:376.2,376.15 1 0
github.com/ojo-network/ojo/x/oracle/types/events.pb.go:379.2,379.12 1 0
github.com/ojo-network/ojo/x/oracle/types/events.pb.go:270.16,273.38 3 0
github.com/ojo-network/ojo/x/oracle/types/events.pb.go:287.3,289.20 3 0
github.com/ojo-network/ojo/x/oracle/types/events.pb.go:292.3,292.20 1 0
github.com/ojo-network/ojo/x/oracle/types/events.pb.go:295.3,295.19 1 0
github.com/ojo-network/ojo/x/oracle/types/events.pb.go:273.38,274.19 1 0
github.com/ojo-network/ojo/x/oracle/types/events.pb.go:277.4,277.18 1 0
github.com/ojo-network/ojo/x/oracle/types/events.pb.go:280.4,283.16 4 0
github.com/ojo-network/ojo/x/oracle/types/events.pb.go:274.19,276.5 1 0
github.com/ojo-network/ojo/x/oracle/types/events.pb.go:277.18,279.5 1 0
github.com/ojo-network/ojo/x/oracle/types/events.pb.go:283.16,284.10 1 0
github.com/ojo-network/ojo/x/oracle/types/events.pb.go:289.20,291.4 1 0
github.com/ojo-network/ojo/x/oracle/types/events.pb.go:292.20,294.4 1 0
github.com/ojo-network/ojo/x/oracle/types/events.pb.go:296.10,297.21 1 0
github.com/ojo-network/ojo/x/oracle/types/events.pb.go:300.4,301.39 2 0
github.com/ojo-network/ojo/x/oracle/types/events.pb.go:315.4,316.24 2 0
github.com/ojo-network/ojo/x/oracle/types/events.pb.go:319.4,320.21 2 0
github.com/ojo-network/ojo/x/oracle/types/events.pb.go:323.4,323.21 1 0
github.com/ojo-network/ojo/x/oracle/types/events.pb.go:326.4,327.21 2 0
github.com/ojo-network/ojo/x/oracle/types/events.pb.go:328.10,329.21 1 0
github.com/ojo-network/ojo/x/oracle/types/events.pb.go:332.4,333.39 2 0
github.com/ojo-network/ojo/x/oracle/types/events.pb.go:347.4,348.24 2 0
github.com/ojo-network/ojo/x/oracle/types/events.pb.go:351.4,352.21 2 0
github.com/ojo-network/ojo/x/oracle/types/events.pb.go:355.4,355.21 1 0
github.com/ojo-network/ojo/x/oracle/types/events.pb.go:358.4,359.21 2 0
github.com/ojo-network/ojo/x/oracle/types/events.pb.go:360.11,363.18 3 0
github.com/ojo-network/ojo/x/oracle/types/events.pb.go:366.4,366.42 1 0
github.com/ojo-network/ojo/x/oracle/types/events.pb.go:369.4,369.28 1 0
github.com/ojo-network/ojo/x/oracle/types/events.pb.go:372.4,372.19 1 0
github.com/ojo-network/ojo/x/oracle/types/events.pb.go:297.21,299.5 1 0
github.com/ojo-network/ojo/x/oracle/types/events.pb.go:301.39,302.20 1 0
github.com/ojo-network/ojo/x/oracle/types/events.pb.go:305.5,305.19 1 0
github.com/ojo-network/ojo/x/oracle/types/events.pb.go:308.5,311.17 4 0
github.com/ojo-network/ojo/x/oracle/types/events.pb.go:302.20,304.6 1 0
github.com/ojo-network/ojo/x/oracle/types/events.pb.go:305.19,307.6 1 0
github.com/ojo-network/ojo/x/oracle/types/events.pb.go:311.17,312.11 1 0
github.com/ojo-network/ojo/x/oracle/types/events.pb.go:316.24,318.5 1 0
github.com/ojo-network/ojo/x/oracle/types/events.pb.go:320.21,322.5 1 0
github.com/ojo-network/ojo/x/oracle/types/events.pb.go:323.21,325.5 1 0
github.com/ojo-network/ojo/x/oracle/types/events.pb.go:329.21,331.5 1 0
github.com/ojo-network/ojo/x/oracle/types/events.pb.go:333.39,334.20 1 0
github.com/ojo-network/ojo/x/oracle/types/events.pb.go:337.5,337.19 1 0
github.com/ojo-network/ojo/x/oracle/types/events.pb.go:340.5,343.17 4 0
github.com/ojo-network/ojo/x/oracle/types/events.pb.go:334.20,336.6 1 0
github.com/ojo-network/ojo/x/oracle/types/events.pb.go:337.19,339.6 1 0
github.com/ojo-network/ojo/x/oracle/types/events.pb.go:343.17,344.11 1 0
github.com/ojo-network/ojo/x/oracle/types/events.pb.go:348.24,350.5 1 0
github.com/ojo-network/ojo/x/oracle/types/events.pb.go:352.21,354.5 1 0
github.com/ojo-network/ojo/x/oracle/types/events.pb.go:355.21,357.5 1 0
github.com/ojo-network/ojo/x/oracle/types/events.pb.go:363.18,365.5 1 0
github.com/ojo-network/ojo/x/oracle/types/events.pb.go:366.42,368.5 1 0
github.com/ojo-network/ojo/x/oracle/types/events.pb.go:369.28,371.5 1 0
github.com/ojo-network/ojo/x/oracle/types/events.pb.go:376.15,378.3 1 0
github.com/ojo-network/ojo/x/oracle/types/events.pb.go:381.55,384.16 3 0
github.com/ojo-network/ojo/x/oracle/types/events.pb.go:492.2,492.15 1 0
github.com/ojo-network/ojo/x/oracle/types/events.pb.go:495.2,495.12 1 0
github.com/ojo-network/ojo/x/oracle/types/events.pb.go:384.16,387.38 3 0
github.com/ojo-network/ojo/x/oracle/types/events.pb.go:401.3,403.20 3 0
github.com/ojo-network/ojo/x/oracle/types/events.pb.go:406.3,406.20 1 0
github.com/ojo-network/ojo/x/oracle/types/events.pb.go:409.3,409.19 1 0
github.com/ojo-network/ojo/x/oracle/types/events.pb.go:387.38,388.19 1 0
github.com/ojo-network/ojo/x/oracle/types/events.pb.go:391.4,391.18 1 0
github.com/ojo-network/ojo/x/oracle/types/events.pb.go:394.4,397.16 4 0
github.com/ojo-network/ojo/x/oracle/types/events.pb.go:388.19,390.5 1 0
github.com/ojo-network/ojo/x/oracle/types/events.pb.go:391.18,393.5 1 0
github.com/ojo-network/ojo/x/oracle/types/events.pb.go:397.16,398.10 1 0
github.com/ojo-network/ojo/x/oracle/types/events.pb.go:403.20,405.4 1 0
github.com/ojo-network/ojo/x/oracle/types/events.pb.go:406.20,408.4 1 0
github.com/ojo-network/ojo/x/oracle/types/events.pb.go:410.10,411.21 1 0
github.com/ojo-network/ojo/x/oracle/types/events.pb.go:414.4,415.39 2 0
github.com/ojo-network/ojo/x/oracle/types/events.pb.go:429.4,430.24 2 0
github.com/ojo-network/ojo/x/oracle/types/events.pb.go:433.4,434.21 2 0
github.com/ojo-network/ojo/x/oracle/types/events.pb.go:437.4,437.21 1 0
github.com/ojo-network/ojo/x/oracle/types/events.pb.go:440.4,441.21 2 0
github.com/ojo-network/ojo/x/oracle/types/events.pb.go:442.10,443.21 1 0
github.com/ojo-network/ojo/x/oracle/types/events.pb.go:446.4,447.39 2 0
github.com/ojo-network/ojo/x/oracle/types/events.pb.go:461.4,462.24 2 0
github.com/ojo-network/ojo/x/oracle/types/events.pb.go:465.4,466.21 2 0
github.com/ojo-network/ojo/x/oracle/types/events.pb.go:469.4,469.21 1 0
github.com/ojo-network/ojo/x/oracle/types/events.pb.go:472.4,472.66 1 0
github.com/ojo-network/ojo/x/oracle/types/events.pb.go:475.4,475.21 1 0
github.com/ojo-network/ojo/x/oracle/types/events.pb.go:476.11,479.18 3 0
github.com/ojo-network/ojo/x/oracle/types/events.pb.go:482.4,482.42 1 0
github.com/ojo-network/ojo/x/oracle/types/events.pb.go:485.4,485.28 1 0
github.com/ojo-network/ojo/x/oracle/types/events.pb.go:488.4,488.19 1 0
github.com/ojo-network/ojo/x/oracle/types/events.pb.go:411.21,413.5 1 0
github.com/ojo-network/ojo/x/oracle/types/events.pb.go:415.39,416.20 1 0
github.com/ojo-network/ojo/x/oracle/types/events.pb.go:419.5,419.19 1 0
github.com/ojo-network/ojo/x/oracle/types/events.pb.go:422.5,425.17 4 0
github.com/ojo-network/ojo/x/oracle/types/events.pb.go:416.20,418.6 1 0
github.com/ojo-network/ojo/x/oracle/types/events.pb.go:419.19,421.6 1 0
github.com/ojo-network/ojo/x/oracle/types/events.pb.go:425.17,426.11 1 0
github.com/ojo-network/ojo/x/oracle/types/events.pb.go:430.24,432.5 1 0
github.com/ojo-network/ojo/x/oracle/types/events.pb.go:434.21,436.5 1 0
github.com/ojo-network/ojo/x/oracle/types/events.pb.go:437.21,439.5 1 0
github.com/ojo-network/ojo/x/oracle/types/events.pb.go:443.21,445.5 1 0
github.com/ojo-network/ojo/x/oracle/types/events.pb.go:447.39,448.20 1 0
github.com/ojo-network/ojo/x/oracle/types/events.pb.go:451.5,451.19 1 0
github.com/ojo-network/ojo/x/oracle/types/events.pb.go:454.5,457.17 4 0
github.com/ojo-network/ojo/x/oracle/types/events.pb.go:448.20,450.6 1 0
github.com/ojo-network/ojo/x/oracle/types/events.pb.go:451.19,453.6 1 0
github.com/ojo-network/ojo/x/oracle/types/events.pb.go:457.17,458.11 1 0
github.com/ojo-network/ojo/x/oracle/types/events.pb.go:462.24,464.5 1 0
github.com/ojo-network/ojo/x/oracle/types/events.pb.go:466.21,468.5 1 0
github.com/ojo-network/ojo/x/oracle/types/events.pb.go:469.21,471.5 1 0
github.com/ojo-network/ojo/x/oracle/types/events.pb.go:472.66,474.5 1 0
github.com/ojo-network/ojo/x/oracle/types/events.pb.go:479.18,481.5 1 0
github.com/ojo-network/ojo/x/oracle/types/events.pb.go:482.42,484.5 1 0
github.com/ojo-network/ojo/x/oracle/types/events.pb.go:485.28,487.5 1 0
github.com/ojo-network/ojo/x/oracle/types/events.pb.go:492.15,494.3 1 0
github.com/ojo-network/ojo/x/oracle/types/events.pb.go:497.49,501.16 4 0
github.com/ojo-network/ojo/x/oracle/types/events.pb.go:573.2,573.31 1 0
github.com/ojo-network/ojo/x/oracle/types/events.pb.go:501.16,503.38 2 0
github.com/ojo-network/ojo/x/oracle/types/events.pb.go:517.3,518.19 2 0
github.com/ojo-network/ojo/x/oracle/types/events.pb.go:566.3,566.16 1 0
github.com/ojo-network/ojo/x/oracle/types/events.pb.go:569.3,569.17 1 0
github.com/ojo-network/ojo/x/oracle/types/events.pb.go:503.38,504.19 1 0
github.com/ojo-network/ojo/x/oracle/types/events.pb.go:507.4,507.18 1 0
github.com/ojo-network/ojo/x/oracle/types/events.pb.go:510.4,513.16 4 0
github.com/ojo-network/ojo/x/oracle/types/events.pb.go:504.19,506.5 1 0
github.com/ojo-network/ojo/x/oracle/types/events.pb.go:507.18,509.5 1 0
github.com/ojo-network/ojo/x/oracle/types/events.pb.go:513.16,514.10 1 0
github.com/ojo-network/ojo/x/oracle/types/events.pb.go:519.10,520.39 1 0
github.com/ojo-network/ojo/x/oracle/types/events.pb.go:532.10,533.14 1 0
github.com/ojo-network/ojo/x/oracle/types/events.pb.go:534.10,536.39 2 0
github.com/ojo-network/ojo/x/oracle/types/events.pb.go:550.4,550.18 1 0
github.com/ojo-network/ojo/x/oracle/types/events.pb.go:553.4,553.19 1 0
github.com/ojo-network/ojo/x/oracle/types/events.pb.go:554.10,555.11 1 0
github.com/ojo-network/ojo/x/oracle/types/events.pb.go:556.10,557.18 1 0
github.com/ojo-network/ojo/x/oracle/types/events.pb.go:560.4,560.11 1 0
github.com/ojo-network/ojo/x/oracle/types/events.pb.go:561.10,562.14 1 0
github.com/ojo-network/ojo/x/oracle/types/events.pb.go:563.11,564.64 1 0
github.com/ojo-network/ojo/x/oracle/types/events.pb.go:520.39,521.20 1 0
github.com/ojo-network/ojo/x/oracle/types/events.pb.go:524.5,524.19 1 0
github.com/ojo-network/ojo/x/oracle/types/events.pb.go:527.5,528.29 2 0
github.com/ojo-network/ojo/x/oracle/types/events.pb.go:521.20,523.6 1 0
github.com/ojo-network/ojo/x/oracle/types/events.pb.go:524.19,526.6 1 0
github.com/ojo-network/ojo/x/oracle/types/events.pb.go:528.29,529.11 1 0
github.com/ojo-network/ojo/x/oracle/types/events.pb.go:536.39,537.20 1 0
github.com/ojo-network/ojo/x/oracle/types/events.pb.go:540.5,540.19 1 0
github.com/ojo-network/ojo/x/oracle/types/events.pb.go:543.5,546.17 4 0
github.com/ojo-network/ojo/x/oracle/types/events.pb.go:537.20,539.6 1 0
github.com/ojo-network/ojo/x/oracle/types/events.pb.go:540.19,542.6 1 0
github.com/ojo-network/ojo/x/oracle/types/events.pb.go:546.17,547.11 1 0
github.com/ojo-network/ojo/x/oracle/types/events.pb.go:550.18,552.5 1 0
github.com/ojo-network/ojo/x/oracle/types/events.pb.go:557.18,559.5 1 0
github.com/ojo-network/ojo/x/oracle/types/events.pb.go:566.16,568.4 1 0
github.com/ojo-network/ojo/x/oracle/types/events.pb.go:569.17,571.4 1 0
github.com/ojo-network/ojo/x/oracle/types/genesis.go:17.17,26.2 1 1
github.com/ojo-network/ojo/x/oracle/types/genesis.go:30.42,39.2 1 7
github.com/ojo-network/ojo/x/oracle/types/genesis.go:42.48,44.2 1 12
github.com/ojo-network/ojo/x/oracle/types/genesis.go:48.106,51.33 2 2
github.com/ojo-network/ojo/x/oracle/types/genesis.go:55.2,55.22 1 2
github.com/ojo-network/ojo/x/oracle/types/genesis.go:51.33,53.3 1 1
github.com/ojo-network/ojo/x/oracle/types/genesis.pb.go:36.40,36.63 1 0
github.com/ojo-network/ojo/x/oracle/types/genesis.pb.go:37.40,37.77 1 0
github.com/ojo-network/ojo/x/oracle/types/genesis.pb.go:38.41,38.42 0 0
github.com/ojo-network/ojo/x/oracle/types/genesis.pb.go:39.51,41.2 1 0
github.com/ojo-network/ojo/x/oracle/types/genesis.pb.go:42.54,44.2 1 0
github.com/ojo-network/ojo/x/oracle/types/genesis.pb.go:45.82,46.19 1 0
github.com/ojo-network/ojo/x/oracle/types/genesis.pb.go:46.19,48.3 1 0
github.com/ojo-network/ojo/x/oracle/types/genesis.pb.go:48.8,51.17 3 0
github.com/ojo-network/ojo/x/oracle/types/genesis.pb.go:54.3,54.20 1 0
github.com/ojo-network/ojo/x/oracle/types/genesis.pb.go:51.17,53.4 1 0
github.com/ojo-network/ojo/x/oracle/types/genesis.pb.go:57.53,59.2 1 0
github.com/ojo-network/ojo/x/oracle/types/genesis.pb.go:60.39,62.2 1 0
github.com/ojo-network/ojo/x/oracle/types/genesis.pb.go:63.45,65.2 1 0
github.com/ojo-network/ojo/x/oracle/types/genesis.pb.go:77.44,77.71 1 0
github.com/ojo-network/ojo/x/oracle/types/genesis.pb.go:78.44,78.81 1 0
github.com/ojo-network/ojo/x/oracle/types/genesis.pb.go:79.45,79.46 0 0
github.com/ojo-network/ojo/x/oracle/types/genesis.pb.go:80.55,82.2 1 0
github.com/ojo-network/ojo/x/oracle/types/genesis.pb.go:83.58,85.2 1 0
github.com/ojo-network/ojo/x/oracle/types/genesis.pb.go:86.86,87.19 1 0
github.com/ojo-network/ojo/x/oracle/types/genesis.pb.go:87.19,89.3 1 0
github.com/ojo-network/ojo/x/oracle/types/genesis.pb.go:89.8,92.17 3 0
github.com/ojo-network/ojo/x/oracle/types/genesis.pb.go:95.3,95.20 1 0
github.com/ojo-network/ojo/x/oracle/types/genesis.pb.go:92.17,94.4 1 0
github.com/ojo-network/ojo/x/oracle/types/genesis.pb.go:98.57,100.2 1 0
github.com/ojo-network/ojo/x/oracle/types/genesis.pb.go:101.43,103.2 1 0
github.com/ojo-network/ojo/x/oracle/types/genesis.pb.go:104.49,106.2 1 0
github.com/ojo-network/ojo/x/oracle/types/genesis.pb.go:117.39,117.61 1 0
github.com/ojo-network/ojo/x/oracle/types/genesis.pb.go:118.39,118.76 1 0
github.com/ojo-network/ojo/x/oracle/types/genesis.pb.go:119.40,119.41 0 0
github.com/ojo-network/ojo/x/oracle/types/genesis.pb.go:120.50,122.2 1 0
github.com/ojo-network/ojo/x/oracle/types/genesis.pb.go:123.53,125.2 1 0
github.com/ojo-network/ojo/x/oracle/types/genesis.pb.go:126.81,127.19 1 0
github.com/ojo-network/ojo/x/oracle/types/genesis.pb.go:127.19,129.3 1 0
github.com/ojo-network/ojo/x/oracle/types/genesis.pb.go:129.8,132.17 3 0
github.com/ojo-network/ojo/x/oracle/types/genesis.pb.go:135.3,135.20 1 0
github.com/ojo-network/ojo/x/oracle/types/genesis.pb.go:132.17,134.4 1 0
github.com/ojo-network/ojo/x/oracle/types/genesis.pb.go:138.52,140.2 1 0
github.com/ojo-network/ojo/x/oracle/types/genesis.pb.go:141.38,143.2 1 0
github.com/ojo-network/ojo/x/oracle/types/genesis.pb.go:144.44,146.2 1 0
github.com/ojo-network/ojo/x/oracle/types/genesis.pb.go:150.13,154.2 3 1
github.com/ojo-network/ojo/x/oracle/types/genesis.pb.go:156.13,156.99 1 1
github.com/ojo-network/ojo/x/oracle/types/genesis.pb.go:192.59,196.16 4 0
github.com/ojo-network/ojo/x/oracle/types/genesis.pb.go:199.2,199.22 1 0
github.com/ojo-network/ojo/x/oracle/types/genesis.pb.go:196.16,198.3 1 0
github.com/ojo-network/ojo/x/oracle/types/genesis.pb.go:202.60,205.2 2 0
github.com/ojo-network/ojo/x/oracle/types/genesis.pb.go:207.71,212.43 5 0
github.com/ojo-network/ojo/x/oracle/types/genesis.pb.go:226.2,226.46 1 0
github.com/ojo-network/ojo/x/oracle/types/genesis.pb.go:240.2,240.29 1 0
github.com/ojo-network/ojo/x/oracle/types/genesis.pb.go:254.2,254.30 1 0
github.com/ojo-network/ojo/x/oracle/types/genesis.pb.go:268.2,268.34 1 0
github.com/ojo-network/ojo/x/oracle/types/genesis.pb.go:290.2,292.27 3 0
github.com/ojo-network/ojo/x/oracle/types/genesis.pb.go:212.43,213.75 1 0
github.com/ojo-network/ojo/x/oracle/types/genesis.pb.go:213.75,214.4 1 0
github.com/ojo-network/ojo/x/oracle/types/genesis.pb.go:222.4,223.18 2 0
github.com/ojo-network/ojo/x/oracle/types/genesis.pb.go:214.4,216.19 2 0
github.com/ojo-network/ojo/x/oracle/types/genesis.pb.go:219.5,220.51 2 0
github.com/ojo-network/ojo/x/oracle/types/genesis.pb.go:216.19,218.6 1 0
github.com/ojo-network/ojo/x/oracle/types/genesis.pb.go:226.46,227.78 1 0
github.com/ojo-network/ojo/x/oracle/types/genesis.pb.go:227.78,228.4 1 0
github.com/ojo-network/ojo/x/oracle/types/genesis.pb.go:236.4,237.18 2 0
github.com/ojo-network/ojo/x/oracle/types/genesis.pb.go:228.4,230.19 2 0
github.com/ojo-network/ojo/x/oracle/types/genesis.pb.go:233.5,234.51 2 0
github.com/ojo-network/ojo/x/oracle/types/genesis.pb.go:230.19,232.6 1 0
github.com/ojo-network/ojo/x/oracle/types/genesis.pb.go:240.29,241.61 1 0
github.com/ojo-network/ojo/x/oracle/types/genesis.pb.go:241.61,242.4 1 0
github.com/ojo-network/ojo/x/oracle/types/genesis.pb.go:250.4,251.18 2 0
github.com/ojo-network/ojo/x/oracle/types/genesis.pb.go:242.4,244.19 2 0
github.com/ojo-network/ojo/x/oracle/types/genesis.pb.go:247.5,248.51 2 0
github.com/ojo-network/ojo/x/oracle/types/genesis.pb.go:244.19,246.6 1 0
github.com/ojo-network/ojo/x/oracle/types/genesis.pb.go:254.30,255.62 1 0
github.com/ojo-network/ojo/x/oracle/types/genesis.pb.go:255.62,256.4 1 0
github.com/ojo-network/ojo/x/oracle/types/genesis.pb.go:264.4,265.18 2 0
github.com/ojo-network/ojo/x/oracle/types/genesis.pb.go:256.4,258.19 2 0
github.com/ojo-network/ojo/x/oracle/types/genesis.pb.go:261.5,262.51 2 0
github.com/ojo-network/ojo/x/oracle/types/genesis.pb.go:258.19,260.6 1 0
github.com/ojo-network/ojo/x/oracle/types/genesis.pb.go:268.34,269.66 1 0
github.com/ojo-network/ojo/x/oracle/types/genesis.pb.go:269.66,270.4 1 0
github.com/ojo-network/ojo/x/oracle/types/genesis.pb.go:278.4,279.18 2 0
github.com/ojo-network/ojo/x/oracle/types/genesis.pb.go:270.4,272.19 2 0
github.com/ojo-network/ojo/x/oracle/types/genesis.pb.go:275.5,276.51 2 0
github.com/ojo-network/ojo/x/oracle/types/genesis.pb.go:272.19,274.6 1 0
github.com/ojo-network/ojo/x/oracle/types/genesis.pb.go:282.2,284.17 2 0
github.com/ojo-network/ojo/x/oracle/types/genesis.pb.go:287.3,288.49 2 0
github.com/ojo-network/ojo/x/oracle/types/genesis.pb.go:284.17,286.4 1 0
github.com/ojo-network/ojo/x/oracle/types/genesis.pb.go:295.63,299.16 4 0
github.com/ojo-network/ojo/x/oracle/types/genesis.pb.go:302.2,302.22 1 0
github.com/ojo-network/ojo/x/oracle/types/genesis.pb.go:299.16,301.3 1 0
github.com/ojo-network/ojo/x/oracle/types/genesis.pb.go:305.64,308.2 2 0
github.com/ojo-network/ojo/x/oracle/types/genesis.pb.go:310.75,315.33 5 0
github.com/ojo-network/ojo/x/oracle/types/genesis.pb.go:322.2,322.30 1 0
github.com/ojo-network/ojo/x/oracle/types/genesis.pb.go:329.2,329.27 1 0
github.com/ojo-network/ojo/x/oracle/types/genesis.pb.go:315.33,321.3 5 0
github.com/ojo-network/ojo/x/oracle/types/genesis.pb.go:322.30,328.3 5 0
github.com/ojo-network/ojo/x/oracle/types/genesis.pb.go:332.58,336.16 4 0
github.com/ojo-network/ojo/x/oracle/types/genesis.pb.go:339.2,339.22 1 0
github.com/ojo-network/ojo/x/oracle/types/genesis.pb.go:336.16,338.3 1 0
github.com/ojo-network/ojo/x/oracle/types/genesis.pb.go:342.59,345.2 2 0
github.com/ojo-network/ojo/x/oracle/types/genesis.pb.go:347.70,352.24 5 0
github.com/ojo-network/ojo/x/oracle/types/genesis.pb.go:357.2,357.33 1 0
github.com/ojo-network/ojo/x/oracle/types/genesis.pb.go:364.2,364.27 1 0
github.com/ojo-network/ojo/x/oracle/types/genesis.pb.go:352.24,356.3 3 0
github.com/ojo-network/ojo/x/oracle/types/genesis.pb.go:357.33,363.3 5 0
github.com/ojo-network/ojo/x/oracle/types/genesis.pb.go:367.65,370.16 3 0
github.com/ojo-network/ojo/x/oracle/types/genesis.pb.go:375.2,376.13 2 0
github.com/ojo-network/ojo/x/oracle/types/genesis.pb.go:370.16,374.3 3 0
github.com/ojo-network/ojo/x/oracle/types/genesis.pb.go:378.39,379.14 1 0
github.com/ojo-network/ojo/x/oracle/types/genesis.pb.go:382.2,386.34 5 0
github.com/ojo-network/ojo/x/oracle/types/genesis.pb.go:392.2,392.30 1 0
github.com/ojo-network/ojo/x/oracle/types/genesis.pb.go:398.2,398.29 1 0
github.com/ojo-network/ojo/x/oracle/types/genesis.pb.go:404.2,404.46 1 0
github.com/ojo-network/ojo/x/oracle/types/genesis.pb.go:410.2,410.43 1 0
github.com/ojo-network/ojo/x/oracle/types/genesis.pb.go:416.2,416.10 1 0
github.com/ojo-network/ojo/x/oracle/types/genesis.pb.go:379.14,381.3 1 0
github.com/ojo-network/ojo/x/oracle/types/genesis.pb.go:386.34,387.41 1 0
github.com/ojo-network/ojo/x/oracle/types/genesis.pb.go:387.41,390.4 2 0
github.com/ojo-network/ojo/x/oracle/types/genesis.pb.go:392.30,393.37 1 0
github.com/ojo-network/ojo/x/oracle/types/genesis.pb.go:393.37,396.4 2 0
github.com/ojo-network/ojo/x/oracle/types/genesis.pb.go:398.29,399.36 1 0
github.com/ojo-network/ojo/x/oracle/types/genesis.pb.go:399.36,402.4 2 0
github.com/ojo-network/ojo/x/oracle/types/genesis.pb.go:404.46,405.53 1 0
github.com/ojo-network/ojo/x/oracle/types/genesis.pb.go:405.53,408.4 2 0
github.com/ojo-network/ojo/x/oracle/types/genesis.pb.go:410.43,411.50 1 0
github.com/ojo-network/ojo/x/oracle/types/genesis.pb.go:411.50,414.4 2 0
github.com/ojo-network/ojo/x/oracle/types/genesis.pb.go:419.43,420.14 1 0
github.com/ojo-network/ojo/x/oracle/types/genesis.pb.go:423.2,426.11 4 0
github.com/ojo-network/ojo/x/oracle/types/genesis.pb.go:429.2,430.11 2 0
github.com/ojo-network/ojo/x/oracle/types/genesis.pb.go:433.2,433.10 1 0
github.com/ojo-network/ojo/x/oracle/types/genesis.pb.go:420.14,422.3 1 0
github.com/ojo-network/ojo/x/oracle/types/genesis.pb.go:426.11,428.3 1 0
github.com/ojo-network/ojo/x/oracle/types/genesis.pb.go:430.11,432.3 1 0
github.com/ojo-network/ojo/x/oracle/types/genesis.pb.go:436.38,437.14 1 0
github.com/ojo-network/ojo/x/oracle/types/genesis.pb.go:440.2,443.11 4 0
github.com/ojo-network/ojo/x/oracle/types/genesis.pb.go:446.2,446.24 1 0
github.com/ojo-network/ojo/x/oracle/types/genesis.pb.go:449.2,449.10 1 0
github.com/ojo-network/ojo/x/oracle/types/genesis.pb.go:437.14,439.3 1 0
github.com/ojo-network/ojo/x/oracle/types/genesis.pb.go:443.11,445.3 1 0
github.com/ojo-network/ojo/x/oracle/types/genesis.pb.go:446.24,448.3 1 0
github.com/ojo-network/ojo/x/oracle/types/genesis.pb.go:452.35,454.2 1 0
github.com/ojo-network/ojo/x/oracle/types/genesis.pb.go:455.35,457.2 1 0
github.com/ojo-network/ojo/x/oracle/types/genesis.pb.go:458.53,461.16 3 0
github.com/ojo-network/ojo/x/oracle/types/genesis.pb.go:706.2,706.15 1 0
github.com/ojo-network/ojo/x/oracle/types/genesis.pb.go:709.2,709.12 1 0
github.com/ojo-network/ojo/x/oracle/types/genesis.pb.go:461.16,464.38 3 0
github.com/ojo-network/ojo/x/oracle/types/genesis.pb.go:478.3,480.20 3 0
github.com/ojo-network/ojo/x/oracle/types/genesis.pb.go:483.3,483.20 1 0
github.com/ojo-network/ojo/x/oracle/types/genesis.pb.go:486.3,486.19 1 0
github.com/ojo-network/ojo/x/oracle/types/genesis.pb.go:464.38,465.19 1 0
github.com/ojo-network/ojo/x/oracle/types/genesis.pb.go:468.4,468.18 1 0
github.com/ojo-network/ojo/x/oracle/types/genesis.pb.go:471.4,474.16 4 0
github.com/ojo-network/ojo/x/oracle/types/genesis.pb.go:465.19,467.5 1 0
github.com/ojo-network/ojo/x/oracle/types/genesis.pb.go:468.18,470.5 1 0
github.com/ojo-network/ojo/x/oracle/types/genesis.pb.go:474.16,475.10 1 0
github.com/ojo-network/ojo/x/oracle/types/genesis.pb.go:480.20,482.4 1 0
github.com/ojo-network/ojo/x/oracle/types/genesis.pb.go:483.20,485.4 1 0
github.com/ojo-network/ojo/x/oracle/types/genesis.pb.go:487.10,488.21 1 0
github.com/ojo-network/ojo/x/oracle/types/genesis.pb.go:491.4,492.39 2 0
github.com/ojo-network/ojo/x/oracle/types/genesis.pb.go:506.4,506.18 1 0
github.com/ojo-network/ojo/x/oracle/types/genesis.pb.go:509.4,510.21 2 0
github.com/ojo-network/ojo/x/oracle/types/genesis.pb.go:513.4,513.21 1 0
github.com/ojo-network/ojo/x/oracle/types/genesis.pb.go:516.4,516.68 1 0
github.com/ojo-network/ojo/x/oracle/types/genesis.pb.go:519.4,519.21 1 0
github.com/ojo-network/ojo/x/oracle/types/genesis.pb.go:520.10,521.21 1 0
github.com/ojo-network/ojo/x/oracle/types/genesis.pb.go:524.4,525.39 2 0
github.com/ojo-network/ojo/x/oracle/types/genesis.pb.go:539.4,539.18 1 0
github.com/ojo-network/ojo/x/oracle/types/genesis.pb.go:542.4,543.21 2 0
github.com/ojo-network/ojo/x/oracle/types/genesis.pb.go:546.4,546.21 1 0
github.com/ojo-network/ojo/x/oracle/types/genesis.pb.go:549.4,550.107 2 0
github.com/ojo-network/ojo/x/oracle/types/genesis.pb.go:553.4,553.21 1 0
github.com/ojo-network/ojo/x/oracle/types/genesis.pb.go:554.10,555.21 1 0
github.com/ojo-network/ojo/x/oracle/types/genesis.pb.go:558.4,559.39 2 0
github.com/ojo-network/ojo/x/oracle/types/genesis.pb.go:573.4,573.18 1 0
github.com/ojo-network/ojo/x/oracle/types/genesis.pb.go:576.4,577.21 2 0
github.com/ojo-network/ojo/x/oracle/types/genesis.pb.go:580.4,580.21 1 0
github.com/ojo-network/ojo/x/oracle/types/genesis.pb.go:583.4,584.99 2 0
github.com/ojo-network/ojo/x/oracle/types/genesis.pb.go:587.4,587.21 1 0
github.com/ojo-network/ojo/x/oracle/types/genesis.pb.go:588.10,589.21 1 0
github.com/ojo-network/ojo/x/oracle/types/genesis.pb.go:592.4,593.39 2 0
github.com/ojo-network/ojo/x/oracle/types/genesis.pb.go:607.4,607.18 1 0
github.com/ojo-network/ojo/x/oracle/types/genesis.pb.go:610.4,611.21 2 0
github.com/ojo-network/ojo/x/oracle/types/genesis.pb.go:614.4,614.21 1 0
github.com/ojo-network/ojo/x/oracle/types/genesis.pb.go:617.4,618.97 2 0
github.com/ojo-network/ojo/x/oracle/types/genesis.pb.go:621.4,621.21 1 0
github.com/ojo-network/ojo/x/oracle/types/genesis.pb.go:622.10,623.21 1 0
github.com/ojo-network/ojo/x/oracle/types/genesis.pb.go:626.4,627.39 2 0
github.com/ojo-network/ojo/x/oracle/types/genesis.pb.go:641.4,641.18 1 0
github.com/ojo-network/ojo/x/oracle/types/genesis.pb.go:644.4,645.21 2 0
github.com/ojo-network/ojo/x/oracle/types/genesis.pb.go:648.4,648.21 1 0
github.com/ojo-network/ojo/x/oracle/types/genesis.pb.go:651.4,652.131 2 0
github.com/ojo-network/ojo/x/oracle/types/genesis.pb.go:655.4,655.21 1 0
github.com/ojo-network/ojo/x/oracle/types/genesis.pb.go:656.10,657.21 1 0
github.com/ojo-network/ojo/x/oracle/types/genesis.pb.go:660.4,661.39 2 0
github.com/ojo-network/ojo/x/oracle/types/genesis.pb.go:675.4,675.18 1 0
github.com/ojo-network/ojo/x/oracle/types/genesis.pb.go:678.4,679.21 2 0
github.com/ojo-network/ojo/x/oracle/types/genesis.pb.go:682.4,682.21 1 0
github.com/ojo-network/ojo/x/oracle/types/genesis.pb.go:685.4,686.125 2 0
github.com/ojo-network/ojo/x/oracle/types/genesis.pb.go:689.4,689.21 1 0
github.com/ojo-network/ojo/x/oracle/types/genesis.pb.go:690.11,693.18 3 0
github.com/ojo-network/ojo/x/oracle/types/genesis.pb.go:696.4,696.42 1 0
github.com/ojo-network/ojo/x/oracle/types/genesis.pb.go:699.4,699.28 1 0
github.com/ojo-network/ojo/x/oracle/types/genesis.pb.go:702.4,702.19 1 0
github.com/ojo-network/ojo/x/oracle/types/genesis.pb.go:488.21,490.5 1 0
github.com/ojo-network/ojo/x/oracle/types/genesis.pb.go:492.39,493.20 1 0
github.com/ojo-network/ojo/x/oracle/types/genesis.pb.go:496.5,496.19 1 0
github.com/ojo-network/ojo/x/oracle/types/genesis.pb.go:499.5,502.17 4 0
github.com/ojo-network/ojo/x/oracle/types/genesis.pb.go:493.20,495.6 1 0
github.com/ojo-network/ojo/x/oracle/types/genesis.pb.go:496.19,498.6 1 0
github.com/ojo-network/ojo/x/oracle/types/genesis.pb.go:502.17,503.11 1 0
github.com/ojo-network/ojo/x/oracle/types/genesis.pb.go:506.18,508.5 1 0
github.com/ojo-network/ojo/x/oracle/types/genesis.pb.go:510.21,512.5 1 0
github.com/ojo-network/ojo/x/oracle/types/genesis.pb.go:513.21,515.5 1 0
github.com/ojo-network/ojo/x/oracle/types/genesis.pb.go:516.68,518.5 1 0
github.com/ojo-network/ojo/x/oracle/types/genesis.pb.go:521.21,523.5 1 0
github.com/ojo-network/ojo/x/oracle/types/genesis.pb.go:525.39,526.20 1 0
github.com/ojo-network/ojo/x/oracle/types/genesis.pb.go:529.5,529.19 1 0
github.com/ojo-network/ojo/x/oracle/types/genesis.pb.go:532.5,535.17 4 0
github.com/ojo-network/ojo/x/oracle/types/genesis.pb.go:526.20,528.6 1 0
github.com/ojo-network/ojo/x/oracle/types/genesis.pb.go:529.19,531.6 1 0
github.com/ojo-network/ojo/x/oracle/types/genesis.pb.go:535.17,536.11 1 0
github.com/ojo-network/ojo/x/oracle/types/genesis.pb.go:539.18,541.5 1 0
github.com/ojo-network/ojo/x/oracle/types/genesis.pb.go:543.21,545.5 1 0
github.com/ojo-network/ojo/x/oracle/types/genesis.pb.go:546.21,548.5 1 0
github.com/ojo-network/ojo/x/oracle/types/genesis.pb.go:550.107,552.5 1 0
github.com/ojo-network/ojo/x/oracle/types/genesis.pb.go:555.21,557.5 1 0
github.com/ojo-network/ojo/x/oracle/types/genesis.pb.go:559.39,560.20 1 0
github.com/ojo-network/ojo/x/oracle/types/genesis.pb.go:563.5,563.19 1 0
github.com/ojo-network/ojo/x/oracle/types/genesis.pb.go:566.5,569.17 4 0
github.com/ojo-network/ojo/x/oracle/types/genesis.pb.go:560.20,562.6 1 0
github.com/ojo-network/ojo/x/oracle/types/genesis.pb.go:563.19,565.6 1 0
github.com/ojo-network/ojo/x/oracle/types/genesis.pb.go:569.17,570.11 1 0
github.com/ojo-network/ojo/x/oracle/types/genesis.pb.go:573.18,575.5 1 0
github.com/ojo-network/ojo/x/oracle/types/genesis.pb.go:577.21,579.5 1 0
github.com/ojo-network/ojo/x/oracle/types/genesis.pb.go:580.21,582.5 1 0
github.com/ojo-network/ojo/x/oracle/types/genesis.pb.go:584.99,586.5 1 0
github.com/ojo-network/ojo/x/oracle/types/genesis.pb.go:589.21,591.5 1 0
github.com/ojo-network/ojo/x/oracle/types/genesis.pb.go:593.39,594.20 1 0
github.com/ojo-network/ojo/x/oracle/types/genesis.pb.go:597.5,597.19 1 0
github.com/ojo-network/ojo/x/oracle/types/genesis.pb.go:600.5,603.17 4 0
github.com/ojo-network/ojo/x/oracle/types/genesis.pb.go:594.20,596.6 1 0
github.com/ojo-network/ojo/x/oracle/types/genesis.pb.go:597.19,599.6 1 0
github.com/ojo-network/ojo/x/oracle/types/genesis.pb.go:603.17,604.11 1 0
github.com/ojo-network/ojo/x/oracle/types/genesis.pb.go:607.18,609.5 1 0
github.com/ojo-network/ojo/x/oracle/types/genesis.pb.go:611.21,613.5 1 0
github.com/ojo-network/ojo/x/oracle/types/genesis.pb.go:614.21,616.5 1 0
github.com/ojo-network/ojo/x/oracle/types/genesis.pb.go:618.97,620.5 1 0
github.com/ojo-network/ojo/x/oracle/types/genesis.pb.go:623.21,625.5 1 0
github.com/ojo-network/ojo/x/oracle/types/genesis.pb.go:627.39,628.20 1 0
github.com/ojo-network/ojo/x/oracle/types/genesis.pb.go:631.5,631.19 1 0
github.com/ojo-network/ojo/x/oracle/types/genesis.pb.go:634.5,637.17 4 0
github.com/ojo-network/ojo/x/oracle/types/genesis.pb.go:628.20,630.6 1 0
github.com/ojo-network/ojo/x/oracle/types/genesis.pb.go:631.19,633.6 1 0
github.com/ojo-network/ojo/x/oracle/types/genesis.pb.go:637.17,638.11 1 0
github.com/ojo-network/ojo/x/oracle/types/genesis.pb.go:641.18,643.5 1 0
github.com/ojo-network/ojo/x/oracle/types/genesis.pb.go:645.21,647.5 1 0
github.com/ojo-network/ojo/x/oracle/types/genesis.pb.go:648.21,650.5 1 0
github.com/ojo-network/ojo/x/oracle/types/genesis.pb.go:652.131,654.5 1 0
github.com/ojo-network/ojo/x/oracle/types/genesis.pb.go:657.21,659.5 1 0
github.com/ojo-network/ojo/x/oracle/types/genesis.pb.go:661.39,662.20 1 0
github.com/ojo-network/ojo/x/oracle/types/genesis.pb.go:665.5,665.19 1 0
github.com/ojo-network/ojo/x/oracle/types/genesis.pb.go:668.5,671.17 4 0
github.com/ojo-network/ojo/x/oracle/types/genesis.pb.go:662.20,664.6 1 0
github.com/ojo-network/ojo/x/oracle/types/genesis.pb.go:665.19,667.6 1 0
github.com/ojo-network/ojo/x/oracle/types/genesis.pb.go:671.17,672.11 1 0
github.com/ojo-network/ojo/x/oracle/types/genesis.pb.go:675.18,677.5 1 0
github.com/ojo-network/ojo/x/oracle/types/genesis.pb.go:679.21,681.5 1 0
github.com/ojo-network/ojo/x/oracle/types/genesis.pb.go:682.21,684.5 1 0
github.com/ojo-network/ojo/x/oracle/types/genesis.pb.go:686.125,688.5 1 0
github.com/ojo-network/ojo/x/oracle/types/genesis.pb.go:693.18,695.5 1 0
github.com/ojo-network/ojo/x/oracle/types/genesis.pb.go:696.42,698.5 1 0
github.com/ojo-network/ojo/x/oracle/types/genesis.pb.go:699.28,701.5 1 0
github.com/ojo-network/ojo/x/oracle/types/genesis.pb.go:706.15,708.3 1 0
github.com/ojo-network/ojo/x/oracle/types/genesis.pb.go:711.57,714.16 3 0
github.com/ojo-network/ojo/x/oracle/types/genesis.pb.go:820.2,820.15 1 0
github.com/ojo-network/ojo/x/oracle/types/genesis.pb.go:823.2,823.12 1 0
github.com/ojo-network/ojo/x/oracle/types/genesis.pb.go:714.16,717.38 3 0
github.com/ojo-network/ojo/x/oracle/types/genesis.pb.go:731.3,733.20 3 0
github.com/ojo-network/ojo/x/oracle/types/genesis.pb.go:736.3,736.20 1 0
github.com/ojo-network/ojo/x/oracle/types/genesis.pb.go:739.3,739.19 1 0
github.com/ojo-network/ojo/x/oracle/types/genesis.pb.go:717.38,718.19 1 0
github.com/ojo-network/ojo/x/oracle/types/genesis.pb.go:721.4,721.18 1 0
github.com/ojo-network/ojo/x/oracle/types/genesis.pb.go:724.4,727.16 4 0
github.com/ojo-network/ojo/x/oracle/types/genesis.pb.go:718.19,720.5 1 0
github.com/ojo-network/ojo/x/oracle/types/genesis.pb.go:721.18,723.5 1 0
github.com/ojo-network/ojo/x/oracle/types/genesis.pb.go:727.16,728.10 1 0
github.com/ojo-network/ojo/x/oracle/types/genesis.pb.go:733.20,735.4 1 0
github.com/ojo-network/ojo/x/oracle/types/genesis.pb.go:736.20,738.4 1 0
github.com/ojo-network/ojo/x/oracle/types/genesis.pb.go:740.10,741.21 1 0
github.com/ojo-network/ojo/x/oracle/types/genesis.pb.go:744.4,745.39 2 0
github.com/ojo-network/ojo/x/oracle/types/genesis.pb.go:759.4,760.24 2 0
github.com/ojo-network/ojo/x/oracle/types/genesis.pb.go:763.4,764.21 2 0
github.com/ojo-network/ojo/x/oracle/types/genesis.pb.go:767.4,767.21 1 0
github.com/ojo-network/ojo/x/oracle/types/genesis.pb.go:770.4,771.21 2 0
github.com/ojo-network/ojo/x/oracle/types/genesis.pb.go:772.10,773.21 1 0
github.com/ojo-network/ojo/x/oracle/types/genesis.pb.go:776.4,777.39 2 0
github.com/ojo-network/ojo/x/oracle/types/genesis.pb.go:791.4,792.24 2 0
github.com/ojo-network/ojo/x/oracle/types/genesis.pb.go:795.4,796.21 2 0
github.com/ojo-network/ojo/x/oracle/types/genesis.pb.go:799.4,799.21 1 0
github.com/ojo-network/ojo/x/oracle/types/genesis.pb.go:802.4,803.21 2 0
github.com/ojo-network/ojo/x/oracle/types/genesis.pb.go:804.11,807.18 3 0
github.com/ojo-network/ojo/x/oracle/types/genesis.pb.go:810.4,810.42 1 0
github.com/ojo-network/ojo/x/oracle/types/genesis.pb.go:813.4,813.28 1 0
github.com/ojo-network/ojo/x/oracle/types/genesis.pb.go:816.4,816.19 1 0
github.com/ojo-network/ojo/x/oracle/types/genesis.pb.go:741.21,743.5 1 0
github.com/ojo-network/ojo/x/oracle/types/genesis.pb.go:745.39,746.20 1 0
github.com/ojo-network/ojo/x/oracle/types/genesis.pb.go:749.5,749.19 1 0
github.com/ojo-network/ojo/x/oracle/types/genesis.pb.go:752.5,755.17 4 0
github.com/ojo-network/ojo/x/oracle/types/genesis.pb.go:746.20,748.6 1 0
github.com/ojo-network/ojo/x/oracle/types/genesis.pb.go:749.19,751.6 1 0
github.com/ojo-network/ojo/x/oracle/types/genesis.pb.go:755.17,756.11 1 0
github.com/ojo-network/ojo/x/oracle/types/genesis.pb.go:760.24,762.5 1 0
github.com/ojo-network/ojo/x/oracle/types/genesis.pb.go:764.21,766.5 1 0
github.com/ojo-network/ojo/x/oracle/types/genesis.pb.go:767.21,769.5 1 0
github.com/ojo-network/ojo/x/oracle/types/genesis.pb.go:773.21,775.5 1 0
github.com/ojo-network/ojo/x/oracle/types/genesis.pb.go:777.39,778.20 1 0
github.com/ojo-network/ojo/x/oracle/types/genesis.pb.go:781.5,781.19 1 0
github.com/ojo-network/ojo/x/oracle/types/genesis.pb.go:784.5,787.17 4 0
github.com/ojo-network/ojo/x/oracle/types/genesis.pb.go:778.20,780.6 1 0
github.com/ojo-network/ojo/x/oracle/types/genesis.pb.go:781.19,783.6 1 0
github.com/ojo-network/ojo/x/oracle/types/genesis.pb.go:787.17,788.11 1 0
github.com/ojo-network/ojo/x/oracle/types/genesis.pb.go:792.24,794.5 1 0
github.com/ojo-network/ojo/x/oracle/types/genesis.pb.go:796.21,798.5 1 0
github.com/ojo-network/ojo/x/oracle/types/genesis.pb.go:799.21,801.5 1 0
github.com/ojo-network/ojo/x/oracle/types/genesis.pb.go:807.18,809.5 1 0
github.com/ojo-network/ojo/x/oracle/types/genesis.pb.go:810.42,812.5 1 0
github.com/ojo-network/ojo/x/oracle/types/genesis.pb.go:813.28,815.5 1 0
github.com/ojo-network/ojo/x/oracle/types/genesis.pb.go:820.15,822.3 1 0
github.com/ojo-network/ojo/x/oracle/types/genesis.pb.go:825.52,828.16 3 0
github.com/ojo-network/ojo/x/oracle/types/genesis.pb.go:921.2,921.15 1 0
github.com/ojo-network/ojo/x/oracle/types/genesis.pb.go:924.2,924.12 1 0
github.com/ojo-network/ojo/x/oracle/types/genesis.pb.go:828.16,831.38 3 0
github.com/ojo-network/ojo/x/oracle/types/genesis.pb.go:845.3,847.20 3 0
github.com/ojo-network/ojo/x/oracle/types/genesis.pb.go:850.3,850.20 1 0
github.com/ojo-network/ojo/x/oracle/types/genesis.pb.go:853.3,853.19 1 0
github.com/ojo-network/ojo/x/oracle/types/genesis.pb.go:831.38,832.19 1 0
github.com/ojo-network/ojo/x/oracle/types/genesis.pb.go:835.4,835.18 1 0
github.com/ojo-network/ojo/x/oracle/types/genesis.pb.go:838.4,841.16 4 0
github.com/ojo-network/ojo/x/oracle/types/genesis.pb.go:832.19,834.5 1 0
github.com/ojo-network/ojo/x/oracle/types/genesis.pb.go:835.18,837.5 1 0
github.com/ojo-network/ojo/x/oracle/types/genesis.pb.go:841.16,842.10 1 0
github.com/ojo-network/ojo/x/oracle/types/genesis.pb.go:847.20,849.4 1 0
github.com/ojo-network/ojo/x/oracle/types/genesis.pb.go:850.20,852.4 1 0
github.com/ojo-network/ojo/x/oracle/types/genesis.pb.go:854.10,855.21 1 0
github.com/ojo-network/ojo/x/oracle/types/genesis.pb.go:858.4,859.39 2 0
github.com/ojo-network/ojo/x/oracle/types/genesis.pb.go:873.4,874.24 2 0
github.com/ojo-network/ojo/x/oracle/types/genesis.pb.go:877.4,878.21 2 0
github.com/ojo-network/ojo/x/oracle/types/genesis.pb.go:881.4,881.21 1 0
github.com/ojo-network/ojo/x/oracle/types/genesis.pb.go:884.4,885.21 2 0
github.com/ojo-network/ojo/x/oracle/types/genesis.pb.go:886.10,887.21 1 0
github.com/ojo-network/ojo/x/oracle/types/genesis.pb.go:890.4,891.39 2 0
github.com/ojo-network/ojo/x/oracle/types/genesis.pb.go:905.11,908.18 3 0
github.com/ojo-network/ojo/x/oracle/types/genesis.pb.go:911.4,911.42 1 0
github.com/ojo-network/ojo/x/oracle/types/genesis.pb.go:914.4,914.28 1 0
github.com/ojo-network/ojo/x/oracle/types/genesis.pb.go:917.4,917.19 1 0
github.com/ojo-network/ojo/x/oracle/types/genesis.pb.go:855.21,857.5 1 0
github.com/ojo-network/ojo/x/oracle/types/genesis.pb.go:859.39,860.20 1 0
github.com/ojo-network/ojo/x/oracle/types/genesis.pb.go:863.5,863.19 1 0
github.com/ojo-network/ojo/x/oracle/types/genesis.pb.go:866.5,869.17 4 0
github.com/ojo-network/ojo/x/oracle/types/genesis.pb.go:860.20,862.6 1 0
github.com/ojo-network/ojo/x/oracle/types/genesis.pb.go:863.19,865.6 1 0
github.com/ojo-network/ojo/x/oracle/types/genesis.pb.go:869.17,870.11 1 0
github.com/ojo-network/ojo/x/oracle/types/genesis.pb.go:874.24,876.5 1 0
github.com/ojo-network/ojo/x/oracle/types/genesis.pb.go:878.21,880.5 1 0
github.com/ojo-network/ojo/x/oracle/types/genesis.pb.go:881.21,883.5 1 0
github.com/ojo-network/ojo/x/oracle/types/genesis.pb.go:887.21,889.5 1 0
github.com/ojo-network/ojo/x/oracle/types/genesis.pb.go:891.39,892.20 1 0
github.com/ojo-network/ojo/x/oracle/types/genesis.pb.go:895.5,895.19 1 0
github.com/ojo-network/ojo/x/oracle/types/genesis.pb.go:898.5,901.17 4 0
github.com/ojo-network/ojo/x/oracle/types/genesis.pb.go:892.20,894.6 1 0
github.com/ojo-network/ojo/x/oracle/types/genesis.pb.go:895.19,897.6 1 0
github.com/ojo-network/ojo/x/oracle/types/genesis.pb.go:901.17,902.11 1 0
github.com/ojo-network/ojo/x/oracle/types/genesis.pb.go:908.18,910.5 1 0
github.com/ojo-network/ojo/x/oracle/types/genesis.pb.go:911.42,913.5 1 0
github.com/ojo-network/ojo/x/oracle/types/genesis.pb.go:914.28,916.5 1 0
github.com/ojo-network/ojo/x/oracle/types/genesis.pb.go:921.15,923.3 1 0
github.com/ojo-network/ojo/x/oracle/types/genesis.pb.go:926.50,930.16 4 0
github.com/ojo-network/ojo/x/oracle/types/genesis.pb.go:1002.2,1002.31 1 0
github.com/ojo-network/ojo/x/oracle/types/genesis.pb.go:930.16,932.38 2 0
github.com/ojo-network/ojo/x/oracle/types/genesis.pb.go:946.3,947.19 2 0
github.com/ojo-network/ojo/x/oracle/types/genesis.pb.go:995.3,995.16 1 0
github.com/ojo-network/ojo/x/oracle/types/genesis.pb.go:998.3,998.17 1 0
github.com/ojo-network/ojo/x/oracle/types/genesis.pb.go:932.38,933.19 1 0
github.com/ojo-network/ojo/x/oracle/types/genesis.pb.go:936.4,936.18 1 0
github.com/ojo-network/ojo/x/oracle/types/genesis.pb.go:939.4,942.16 4 0
github.com/ojo-network/ojo/x/oracle/types/genesis.pb.go:933.19,935.5 1 0
github.com/ojo-network/ojo/x/oracle/types/genesis.pb.go:936.18,938.5 1 0
github.com/ojo-network/ojo/x/oracle/types/genesis.pb.go:942.16,943.10 1 0
github.com/ojo-network/ojo/x/oracle/types/genesis.pb.go:948.10,949.39 1 0
github.com/ojo-network/ojo/x/oracle/types/genesis.pb.go:961.10,962.14 1 0
github.com/ojo-network/ojo/x/oracle/types/genesis.pb.go:963.10,965.39 2 0
github.com/ojo-network/ojo/x/oracle/types/genesis.pb.go:979.4,979.18 1 0
github.com/ojo-network/ojo/x/oracle/types/genesis.pb.go:982.4,982.19 1 0
github.com/ojo-network/ojo/x/oracle/types/genesis.pb.go:983.10,984.11 1 0
github.com/ojo-network/ojo/x/oracle/types/genesis.pb.go:985.10,986.18 1 0
github.com/ojo-network/ojo/x/oracle/types/genesis.pb.go:989.4,989.11 1 0
github.com/ojo-network/ojo/x/oracle/types/genesis.pb.go:990.10,991.14 1 0
github.com/ojo-network/ojo/x/oracle/types/genesis.pb.go:992.11,993.64 1 0
github.com/ojo-network/ojo/x/oracle/types/genesis.pb.go:949.39,950.20 1 0
github.com/ojo-network/ojo/x/oracle/types/genesis.pb.go:953.5,953.19 1 0
github.com/ojo-network/ojo/x/oracle/types/genesis.pb.go:956.5,957.29 2 0
github.com/ojo-network/ojo/x/oracle/types/genesis.pb.go:950.20,952.6 1 0
github.com/ojo-network/ojo/x/oracle/types/genesis.pb.go:953.19,955.6 1 0
github.com/ojo-network/ojo/x/oracle/types/genesis.pb.go:957.29,958.11 1 0
github.com/ojo-network/ojo/x/oracle/types/genesis.pb.go:965.39,966.20 1 0
github.com/ojo-network/ojo/x/oracle/types/genesis.pb.go:969.5,969.19 1 0
github.com/ojo-network/ojo/x/oracle/types/genesis.pb.go:972.5,975.17 4 0
github.com/ojo-network/ojo/x/oracle/types/genesis.pb.go:966.20,968.6 1 0
github.com/ojo-network/ojo/x/oracle/types/genesis.pb.go:969.19,971.6 1 0
github.com/ojo-network/ojo/x/oracle/types/genesis.pb.go:975.17,976.11 1 0
github.com/ojo-network/ojo/x/oracle/types/genesis.pb.go:979.18,981.5 1 0
github.com/ojo-network/ojo/x/oracle/types/genesis.pb.go:986.18,988.5 1 0
github.com/ojo-network/ojo/x/oracle/types/genesis.pb.go:995.16,997.4 1 0
github.com/ojo-network/ojo/x/oracle/types/genesis.pb.go:998.17,1000.4 1 0
github.com/ojo-network/ojo/x/oracle/types/keys.go:29.52,33.2 3 1
github.com/ojo-network/ojo/x/oracle/types/keys.go:36.60,39.2 2 1
github.com/ojo-network/ojo/x/oracle/types/keys.go:42.55,45.2 2 1
github.com/ojo-network/ojo/x/oracle/types/keys.go:48.72,51.2 2 1
github.com/ojo-network/ojo/x/oracle/types/keys.go:54.69,57.2 2 1
github.com/ojo-network/ojo/x/oracle/types/query.pb.go:41.46,41.75 1 0
github.com/ojo-network/ojo/x/oracle/types/query.pb.go:42.46,42.83 1 0
github.com/ojo-network/ojo/x/oracle/types/query.pb.go:43.47,43.48 0 0
github.com/ojo-network/ojo/x/oracle/types/query.pb.go:44.57,46.2 1 0
github.com/ojo-network/ojo/x/oracle/types/query.pb.go:47.60,49.2 1 0
github.com/ojo-network/ojo/x/oracle/types/query.pb.go:50.88,51.19 1 0
github.com/ojo-network/ojo/x/oracle/types/query.pb.go:51.19,53.3 1 0
github.com/ojo-network/ojo/x/oracle/types/query.pb.go:53.8,56.17 3 0
github.com/ojo-network/ojo/x/oracle/types/query.pb.go:59.3,59.20 1 0
github.com/ojo-network/ojo/x/oracle/types/query.pb.go:56.17,58.4 1 0
github.com/ojo-network/ojo/x/oracle/types/query.pb.go:62.59,64.2 1 0
github.com/ojo-network/ojo/x/oracle/types/query.pb.go:65.45,67.2 1 0
github.com/ojo-network/ojo/x/oracle/types/query.pb.go:68.51,70.2 1 0
github.com/ojo-network/ojo/x/oracle/types/query.pb.go:82.54,82.91 1 0
github.com/ojo-network/ojo/x/oracle/types/query.pb.go:83.54,83.91 1 0
github.com/ojo-network/ojo/x/oracle/types/query.pb.go:84.55,84.56 0 0
github.com/ojo-network/ojo/x/oracle/types/query.pb.go:85.65,87.2 1 0
github.com/ojo-network/ojo/x/oracle/types/query.pb.go:88.68,90.2 1 0
github.com/ojo-network/ojo/x/oracle/types/query.pb.go:91.96,92.19 1 0
github.com/ojo-network/ojo/x/oracle/types/query.pb.go:92.19,94.3 1 0
github.com/ojo-network/ojo/x/oracle/types/query.pb.go:94.8,97.17 3 0
github.com/ojo-network/ojo/x/oracle/types/query.pb.go:100.3,100.20 1 0
github.com/ojo-network/ojo/x/oracle/types/query.pb.go:97.17,99.4 1 0
github.com/ojo-network/ojo/x/oracle/types/query.pb.go:103.67,105.2 1 0
github.com/ojo-network/ojo/x/oracle/types/query.pb.go:106.53,108.2 1 0
github.com/ojo-network/ojo/x/oracle/types/query.pb.go:109.59,111.2 1 0
github.com/ojo-network/ojo/x/oracle/types/query.pb.go:120.52,120.87 1 0
github.com/ojo-network/ojo/x/oracle/types/query.pb.go:121.52,121.89 1 0
github.com/ojo-network/ojo/x/oracle/types/query.pb.go:122.53,122.54 0 0
github.com/ojo-network/ojo/x/oracle/types/query.pb.go:123.63,125.2 1 0
github.com/ojo-network/ojo/x/oracle/types/query.pb.go:126.66,128.2 1 0
github.com/ojo-network/ojo/x/oracle/types/query.pb.go:129.94,130.19 1 0
github.com/ojo-network/ojo/x/oracle/types/query.pb.go:130.19,132.3 1 0
github.com/ojo-network/ojo/x/oracle/types/query.pb.go:132.8,135.17 3 0
github.com/ojo-network/ojo/x/oracle/types/query.pb.go:138.3,138.20 1 0
github.com/ojo-network/ojo/x/oracle/types/query.pb.go:135.17,137.4 1 0
github.com/ojo-network/ojo/x/oracle/types/query.pb.go:141.65,143.2 1 0
github.com/ojo-network/ojo/x/oracle/types/query.pb.go:144.51,146.2 1 0
github.com/ojo-network/ojo/x/oracle/types/query.pb.go:147.57,149.2 1 0
github.com/ojo-network/ojo/x/oracle/types/query.pb.go:161.60,161.103 1 0
github.com/ojo-network/ojo/x/oracle/types/query.pb.go:162.60,162.97 1 0
github.com/ojo-network/ojo/x/oracle/types/query.pb.go:163.61,163.62 0 0
github.com/ojo-network/ojo/x/oracle/types/query.pb.go:164.71,166.2 1 0
github.com/ojo-network/ojo/x/oracle/types/query.pb.go:167.74,169.2 1 0
github.com/ojo-network/ojo/x/oracle/types/query.pb.go:170.102,171.19 1 0
github.com/ojo-network/ojo/x/oracle/types/query.pb.go:171.19,173.3 1 0
github.com/ojo-network/ojo/x/oracle/types/query.pb.go:173.8,176.17 3 0
github.com/ojo-network/ojo/x/oracle/types/query.pb.go:179.3,179.20 1 0
github.com/ojo-network/ojo/x/oracle/types/query.pb.go:176.17,178.4 1 0
github.com/ojo-network/ojo/x/oracle/types/query.pb.go:182.73,184.2 1 0
github.com/ojo-network/ojo/x/oracle/types/query.pb.go:185.59,187.2 1 0
github.com/ojo-network/ojo/x/oracle/types/query.pb.go:188.65,190.2 1 0
github.com/ojo-network/ojo/x/oracle/types/query.pb.go:201.49,201.81 1 0
github.com/ojo-network/ojo/x/oracle/types/query.pb.go:202.49,202.86 1 0
github.com/ojo-network/ojo/x/oracle/types/query.pb.go:203.50,203.51 0 0
github.com/ojo-network/ojo/x/oracle/types/query.pb.go:204.60,206.2 1 0
github.com/ojo-network/ojo/x/oracle/types/query.pb.go:207.63,209.2 1 0
github.com/ojo-network/ojo/x/oracle/types/query.pb.go:210.91,211.19 1 0
github.com/ojo-network/ojo/x/oracle/types/query.pb.go:211.19,213.3 1 0
github.com/ojo-network/ojo/x/oracle/types/query.pb.go:213.8,216.17 3 0
github.com/ojo-network/ojo/x/oracle/types/query.pb.go:219.3,219.20 1 0
github.com/ojo-network/ojo/x/oracle/types/query.pb.go:216.17,218.4 1 0
github.com/ojo-network/ojo/x/oracle/types/query.pb.go:222.62,224.2 1 0
github.com/ojo-network/ojo/x/oracle/types/query.pb.go:225.48,227.2 1 0
github.com/ojo-network/ojo/x/oracle/types/query.pb.go:228.54,230.2 1 0
github.com/ojo-network/ojo/x/oracle/types/query.pb.go:241.57,241.97 1 0
github.com/ojo-network/ojo/x/oracle/types/query.pb.go:242.57,242.94 1 0
github.com/ojo-network/ojo/x/oracle/types/query.pb.go:243.58,243.59 0 0
github.com/ojo-network/ojo/x/oracle/types/query.pb.go:244.68,246.2 1 0
github.com/ojo-network/ojo/x/oracle/types/query.pb.go:247.71,249.2 1 0
github.com/ojo-network/ojo/x/oracle/types/query.pb.go:250.99,251.19 1 0
github.com/ojo-network/ojo/x/oracle/types/query.pb.go:251.19,253.3 1 0
github.com/ojo-network/ojo/x/oracle/types/query.pb.go:253.8,256.17 3 0
github.com/ojo-network/ojo/x/oracle/types/query.pb.go:259.3,259.20 1 0
github.com/ojo-network/ojo/x/oracle/types/query.pb.go:256.17,258.4 1 0
github.com/ojo-network/ojo/x/oracle/types/query.pb.go:262.70,264.2 1 0
github.com/ojo-network/ojo/x/oracle/types/query.pb.go:265.56,267.2 1 0
github.com/ojo-network/ojo/x/oracle/types/query.pb.go:268.62,270.2 1 0
github.com/ojo-network/ojo/x/oracle/types/query.pb.go:281.44,281.71 1 0
github.com/ojo-network/ojo/x/oracle/types/query.pb.go:282.44,282.81 1 0
github.com/ojo-network/ojo/x/oracle/types/query.pb.go:283.45,283.46 0 0
github.com/ojo-network/ojo/x/oracle/types/query.pb.go:284.55,286.2 1 0
github.com/ojo-network/ojo/x/oracle/types/query.pb.go:287.58,289.2 1 0
github.com/ojo-network/ojo/x/oracle/types/query.pb.go:290.86,291.19 1 0
github.com/ojo-network/ojo/x/oracle/types/query.pb.go:291.19,293.3 1 0
github.com/ojo-network/ojo/x/oracle/types/query.pb.go:293.8,296.17 3 0
github.com/ojo-network/ojo/x/oracle/types/query.pb.go:299.3,299.20 1 0
github.com/ojo-network/ojo/x/oracle/types/query.pb.go:296.17,298.4 1 0
github.com/ojo-network/ojo/x/oracle/types/query.pb.go:302.57,304.2 1 0
github.com/ojo-network/ojo/x/oracle/types/query.pb.go:305.43,307.2 1 0
github.com/ojo-network/ojo/x/oracle/types/query.pb.go:308.49,310.2 1 0
github.com/ojo-network/ojo/x/oracle/types/query.pb.go:321.52,321.87 1 0
github.com/ojo-network/ojo/x/oracle/types/query.pb.go:322.52,322.89 1 0
github.com/ojo-network/ojo/x/oracle/types/query.pb.go:323.53,323.54 0 0
github.com/ojo-network/ojo/x/oracle/types/query.pb.go:324.63,326.2 1 0
github.com/ojo-network/ojo/x/oracle/types/query.pb.go:327.66,329.2 1 0
github.com/ojo-network/ojo/x/oracle/types/query.pb.go:330.94,331.19 1 0
github.com/ojo-network/ojo/x/oracle/types/query.pb.go:331.19,333.3 1 0
github.com/ojo-network/ojo/x/oracle/types/query.pb.go:333.8,336.17 3 0
github.com/ojo-network/ojo/x/oracle/types/query.pb.go:339.3,339.20 1 0
github.com/ojo-network/ojo/x/oracle/types/query.pb.go:336.17,338.4 1 0
github.com/ojo-network/ojo/x/oracle/types/query.pb.go:342.65,344.2 1 0
github.com/ojo-network/ojo/x/oracle/types/query.pb.go:345.51,347.2 1 0
github.com/ojo-network/ojo/x/oracle/types/query.pb.go:348.57,350.2 1 0
github.com/ojo-network/ojo/x/oracle/types/query.pb.go:359.44,359.71 1 0
github.com/ojo-network/ojo/x/oracle/types/query.pb.go:360.44,360.81 1 0
github.com/ojo-network/ojo/x/oracle/types/query.pb.go:361.45,361.46 0 0
github.com/ojo-network/ojo/x/oracle/types/query.pb.go:362.55,364.2 1 0
github.com/ojo-network/ojo/x/oracle/types/query.pb.go:365.58,367.2 1 0
github.com/ojo-network/ojo/x/oracle/types/query.pb.go:368.86,369.19 1 0
github.com/ojo-network/ojo/x/oracle/types/query.pb.go:369.19,371.3 1 0
github.com/ojo-network/ojo/x/oracle/types/query.pb.go:371.8,374.17 3 0
github.com/ojo-network/ojo/x/oracle/types/query.pb.go:377.3,377.20 1 0
github.com/ojo-network/ojo/x/oracle/types/query.pb.go:374.17,376.4 1 0
github.com/ojo-network/ojo/x/oracle/types/query.pb.go:380.57,382.2 1 0
github.com/ojo-network/ojo/x/oracle/types/query.pb.go:383.43,385.2 1 0
github.com/ojo-network/ojo/x/oracle/types/query.pb.go:386.49,388.2 1 0
github.com/ojo-network/ojo/x/oracle/types/query.pb.go:400.52,400.87 1 0
github.com/ojo-network/ojo/x/oracle/types/query.pb.go:401.52,401.89 1 0
github.com/ojo-network/ojo/x/oracle/types/query.pb.go:402.53,402.54 0 0
github.com/ojo-network/ojo/x/oracle/types/query.pb.go:403.63,405.2 1 0
github.com/ojo-network/ojo/x/oracle/types/query.pb.go:406.66,408.2 1 0
github.com/ojo-network/ojo/x/oracle/types/query.pb.go:409.94,410.19 1 0
github.com/ojo-network/ojo/x/oracle/types/query.pb.go:410.19,412.3 1 0
github.com/ojo-network/ojo/x/oracle/types/query.pb.go:412.8,415.17 3 0
github.com/ojo-network/ojo/x/oracle/types/query.pb.go:418.3,418.20 1 0
github.com/ojo-network/ojo/x/oracle/types/query.pb.go:415.17,417.4 1 0
github.com/ojo-network/ojo/x/oracle/types/query.pb.go:421.65,423.2 1 0
github.com/ojo-network/ojo/x/oracle/types/query.pb.go:424.51,426.2 1 0
github.com/ojo-network/ojo/x/oracle/types/query.pb.go:427.57,429.2 1 0
github.com/ojo-network/ojo/x/oracle/types/query.pb.go:440.49,440.81 1 0
github.com/ojo-network/ojo/x/oracle/types/query.pb.go:441.49,441.86 1 0
github.com/ojo-network/ojo/x/oracle/types/query.pb.go:442.50,442.51 0 0
github.com/ojo-network/ojo/x/oracle/types/query.pb.go:443.60,445.2 1 0
github.com/ojo-network/ojo/x/oracle/types/query.pb.go:446.63,448.2 1 0
github.com/ojo-network/ojo/x/oracle/types/query.pb.go:449.91,450.19 1 0
github.com/ojo-network/ojo/x/oracle/types/query.pb.go:450.19,452.3 1 0
github.com/ojo-network/ojo/x/oracle/types/query.pb.go:452.8,455.17 3 0
github.com/ojo-network/ojo/x/oracle/types/query.pb.go:458.3,458.20 1 0
github.com/ojo-network/ojo/x/oracle/types/query.pb.go:455.17,457.4 1 0
github.com/ojo-network/ojo/x/oracle/types/query.pb.go:461.62,463.2 1 0
github.com/ojo-network/ojo/x/oracle/types/query.pb.go:464.48,466.2 1 0
github.com/ojo-network/ojo/x/oracle/types/query.pb.go:467.54,469.2 1 0
github.com/ojo-network/ojo/x/oracle/types/query.pb.go:481.57,481.97 1 0
github.com/ojo-network/ojo/x/oracle/types/query.pb.go:482.57,482.94 1 0
github.com/ojo-network/ojo/x/oracle/types/query.pb.go:483.58,483.59 0 0
github.com/ojo-network/ojo/x/oracle/types/query.pb.go:484.68,486.2 1 0
github.com/ojo-network/ojo/x/oracle/types/query.pb.go:487.71,489.2 1 0
github.com/ojo-network/ojo/x/oracle/types/query.pb.go:490.99,491.19 1 0
github.com/ojo-network/ojo/x/oracle/types/query.pb.go:491.19,493.3 1 0
github.com/ojo-network/ojo/x/oracle/types/query.pb.go:493.8,496.17 3 0
github.com/ojo-network/ojo/x/oracle/types/query.pb.go:499.3,499.20 1 0
github.com/ojo-network/ojo/x/oracle/types/query.pb.go:496.17,498.4 1 0
github.com/ojo-network/ojo/x/oracle/types/query.pb.go:502.70,504.2 1 0
github.com/ojo-network/ojo/x/oracle/types/query.pb.go:505.56,507.2 1 0
github.com/ojo-network/ojo/x/oracle/types/query.pb.go:508.62,510.2 1 0
github.com/ojo-network/ojo/x/oracle/types/query.pb.go:519.50,519.83 1 0
github.com/ojo-network/ojo/x/oracle/types/query.pb.go:520.50,520.87 1 0
github.com/ojo-network/ojo/x/oracle/types/query.pb.go:521.51,521.52 0 0
github.com/ojo-network/ojo/x/oracle/types/query.pb.go:522.61,524.2 1 0
github.com/ojo-network/ojo/x/oracle/types/query.pb.go:525.64,527.2 1 0
github.com/ojo-network/ojo/x/oracle/types/query.pb.go:528.92,529.19 1 0
github.com/ojo-network/ojo/x/oracle/types/query.pb.go:529.19,531.3 1 0
github.com/ojo-network/ojo/x/oracle/types/query.pb.go:531.8,534.17 3 0
github.com/ojo-network/ojo/x/oracle/types/query.pb.go:537.3,537.20 1 0
github.com/ojo-network/ojo/x/oracle/types/query.pb.go:534.17,536.4 1 0
github.com/ojo-network/ojo/x/oracle/types/query.pb.go:540.63,542.2 1 0
github.com/ojo-network/ojo/x/oracle/types/query.pb.go:543.49,545.2 1 0
github.com/ojo-network/ojo/x/oracle/types/query.pb.go:546.55,548.2 1 0
github.com/ojo-network/ojo/x/oracle/types/query.pb.go:560.58,560.99 1 0
github.com/ojo-network/ojo/x/oracle/types/query.pb.go:561.58,561.95 1 0
github.com/ojo-network/ojo/x/oracle/types/query.pb.go:562.59,562.60 0 0
github.com/ojo-network/ojo/x/oracle/types/query.pb.go:563.69,565.2 1 0
github.com/ojo-network/ojo/x/oracle/types/query.pb.go:566.72,568.2 1 0
github.com/ojo-network/ojo/x/oracle/types/query.pb.go:569.100,570.19 1 0
github.com/ojo-network/ojo/x/oracle/types/query.pb.go:570.19,572.3 1 0
github.com/ojo-network/ojo/x/oracle/types/query.pb.go:572.8,575.17 3 0
github.com/ojo-network/ojo/x/oracle/types/query.pb.go:578.3,578.20 1 0
github.com/ojo-network/ojo/x/oracle/types/query.pb.go:575.17,577.4 1 0
github.com/ojo-network/ojo/x/oracle/types/query.pb.go:581.71,583.2 1 0
github.com/ojo-network/ojo/x/oracle/types/query.pb.go:584.57,586.2 1 0
github.com/ojo-network/ojo/x/oracle/types/query.pb.go:587.63,589.2 1 0
github.com/ojo-network/ojo/x/oracle/types/query.pb.go:600.46,600.75 1 0
github.com/ojo-network/ojo/x/oracle/types/query.pb.go:601.46,601.83 1 0
github.com/ojo-network/ojo/x/oracle/types/query.pb.go:602.47,602.48 0 0
github.com/ojo-network/ojo/x/oracle/types/query.pb.go:603.57,605.2 1 0
github.com/ojo-network/ojo/x/oracle/types/query.pb.go:606.60,608.2 1 0
github.com/ojo-network/ojo/x/oracle/types/query.pb.go:609.88,610.19 1 0
github.com/ojo-network/ojo/x/oracle/types/query.pb.go:610.19,612.3 1 0
github.com/ojo-network/ojo/x/oracle/types/query.pb.go:612.8,615.17 3 0
github.com/ojo-network/ojo/x/oracle/types/query.pb.go:618.3,618.20 1 0
github.com/ojo-network/ojo/x/oracle/types/query.pb.go:615.17,617.4 1 0
github.com/ojo-network/ojo/x/oracle/types/query.pb.go:621.59,623.2 1 0
github.com/ojo-network/ojo/x/oracle/types/query.pb.go:624.45,626.2 1 0
github.com/ojo-network/ojo/x/oracle/types/query.pb.go:627.51,629.2 1 0
github.com/ojo-network/ojo/x/oracle/types/query.pb.go:641.54,641.91 1 0
github.com/ojo-network/ojo/x/oracle/types/query.pb.go:642.54,642.91 1 0
github.com/ojo-network/ojo/x/oracle/types/query.pb.go:643.55,643.56 0 0
github.com/ojo-network/ojo/x/oracle/types/query.pb.go:644.65,646.2 1 0
github.com/ojo-network/ojo/x/oracle/types/query.pb.go:647.68,649.2 1 0
github.com/ojo-network/ojo/x/oracle/types/query.pb.go:650.96,651.19 1 0
github.com/ojo-network/ojo/x/oracle/types/query.pb.go:651.19,653.3 1 0
github.com/ojo-network/ojo/x/oracle/types/query.pb.go:653.8,656.17 3 0
github.com/ojo-network/ojo/x/oracle/types/query.pb.go:659.3,659.20 1 0
github.com/ojo-network/ojo/x/oracle/types/query.pb.go:656.17,658.4 1 0
github.com/ojo-network/ojo/x/oracle/types/query.pb.go:662.67,664.2 1 0
github.com/ojo-network/ojo/x/oracle/types/query.pb.go:665.53,667.2 1 0
github.com/ojo-network/ojo/x/oracle/types/query.pb.go:668.59,670.2 1 0
github.com/ojo-network/ojo/x/oracle/types/query.pb.go:679.47,679.77 1 0
github.com/ojo-network/ojo/x/oracle/types/query.pb.go:680.47,680.84 1 0
github.com/ojo-network/ojo/x/oracle/types/query.pb.go:681.48,681.49 0 0
github.com/ojo-network/ojo/x/oracle/types/query.pb.go:682.58,684.2 1 0
github.com/ojo-network/ojo/x/oracle/types/query.pb.go:685.61,687.2 1 0
github.com/ojo-network/ojo/x/oracle/types/query.pb.go:688.89,689.19 1 0
github.com/ojo-network/ojo/x/oracle/types/query.pb.go:689.19,691.3 1 0
github.com/ojo-network/ojo/x/oracle/types/query.pb.go:691.8,694.17 3 0
github.com/ojo-network/ojo/x/oracle/types/query.pb.go:697.3,697.20 1 0
github.com/ojo-network/ojo/x/oracle/types/query.pb.go:694.17,696.4 1 0
github.com/ojo-network/ojo/x/oracle/types/query.pb.go:700.60,702.2 1 0
github.com/ojo-network/ojo/x/oracle/types/query.pb.go:703.46,705.2 1 0
github.com/ojo-network/ojo/x/oracle/types/query.pb.go:706.52,708.2 1 0
github.com/ojo-network/ojo/x/oracle/types/query.pb.go:720.55,720.93 1 0
github.com/ojo-network/ojo/x/oracle/types/query.pb.go:721.55,721.92 1 0
github.com/ojo-network/ojo/x/oracle/types/query.pb.go:722.56,722.57 0 0
github.com/ojo-network/ojo/x/oracle/types/query.pb.go:723.66,725.2 1 0
github.com/ojo-network/ojo/x/oracle/types/query.pb.go:726.69,728.2 1 0
github.com/ojo-network/ojo/x/oracle/types/query.pb.go:729.97,730.19 1 0
github.com/ojo-network/ojo/x/oracle/types/query.pb.go:730.19,732.3 1 0
github.com/ojo-network/ojo/x/oracle/types/query.pb.go:732.8,735.17 3 0
github.com/ojo-network/ojo/x/oracle/types/query.pb.go:738.3,738.20 1 0
github.com/ojo-network/ojo/x/oracle/types/query.pb.go:735.17,737.4 1 0
github.com/ojo-network/ojo/x/oracle/types/query.pb.go:741.68,743.2 1 0
github.com/ojo-network/ojo/x/oracle/types/query.pb.go:744.54,746.2 1 0
github.com/ojo-network/ojo/x/oracle/types/query.pb.go:747.60,749.2 1 0
github.com/ojo-network/ojo/x/oracle/types/query.pb.go:757.39,757.61 1 0
github.com/ojo-network/ojo/x/oracle/types/query.pb.go:758.39,758.76 1 0
github.com/ojo-network/ojo/x/oracle/types/query.pb.go:759.40,759.41 0 0
github.com/ojo-network/ojo/x/oracle/types/query.pb.go:760.50,762.2 1 0
github.com/ojo-network/ojo/x/oracle/types/query.pb.go:763.53,765.2 1 0
github.com/ojo-network/ojo/x/oracle/types/query.pb.go:766.81,767.19 1 0
github.com/ojo-network/ojo/x/oracle/types/query.pb.go:767.19,769.3 1 0
github.com/ojo-network/ojo/x/oracle/types/query.pb.go:769.8,772.17 3 0
github.com/ojo-network/ojo/x/oracle/types/query.pb.go:775.3,775.20 1 0
github.com/ojo-network/ojo/x/oracle/types/query.pb.go:772.17,774.4 1 0
github.com/ojo-network/ojo/x/oracle/types/query.pb.go:778.52,780.2 1 0
github.com/ojo-network/ojo/x/oracle/types/query.pb.go:781.38,783.2 1 0
github.com/ojo-network/ojo/x/oracle/types/query.pb.go:784.44,786.2 1 0
github.com/ojo-network/ojo/x/oracle/types/query.pb.go:796.47,796.77 1 0
github.com/ojo-network/ojo/x/oracle/types/query.pb.go:797.47,797.84 1 0
github.com/ojo-network/ojo/x/oracle/types/query.pb.go:798.48,798.49 0 0
github.com/ojo-network/ojo/x/oracle/types/query.pb.go:799.58,801.2 1 0
github.com/ojo-network/ojo/x/oracle/types/query.pb.go:802.61,804.2 1 0
github.com/ojo-network/ojo/x/oracle/types/query.pb.go:805.89,806.19 1 0
github.com/ojo-network/ojo/x/oracle/types/query.pb.go:806.19,808.3 1 0
github.com/ojo-network/ojo/x/oracle/types/query.pb.go:808.8,811.17 3 0
github.com/ojo-network/ojo/x/oracle/types/query.pb.go:814.3,814.20 1 0
github.com/ojo-network/ojo/x/oracle/types/query.pb.go:811.17,813.4 1 0
github.com/ojo-network/ojo/x/oracle/types/query.pb.go:817.60,819.2 1 0
github.com/ojo-network/ojo/x/oracle/types/query.pb.go:820.46,822.2 1 0
github.com/ojo-network/ojo/x/oracle/types/query.pb.go:823.52,825.2 1 0
github.com/ojo-network/ojo/x/oracle/types/query.pb.go:829.13,850.2 20 1
github.com/ojo-network/ojo/x/oracle/types/query.pb.go:852.13,852.97 1 1
github.com/ojo-network/ojo/x/oracle/types/query.pb.go:960.54,962.2 1 0
github.com/ojo-network/ojo/x/oracle/types/query.pb.go:964.144,967.16 3 0
github.com/ojo-network/ojo/x/oracle/types/query.pb.go:970.2,970.17 1 0
github.com/ojo-network/ojo/x/oracle/types/query.pb.go:967.16,969.3 1 0
github.com/ojo-network/ojo/x/oracle/types/query.pb.go:973.162,976.16 3 0
github.com/ojo-network/ojo/x/oracle/types/query.pb.go:979.2,979.17 1 0
github.com/ojo-network/ojo/x/oracle/types/query.pb.go:976.16,978.3 1 0
github.com/ojo-network/ojo/x/oracle/types/query.pb.go:982.153,985.16 3 0
github.com/ojo-network/ojo/x/oracle/types/query.pb.go:988.2,988.17 1 0
github.com/ojo-network/ojo/x/oracle/types/query.pb.go:985.16,987.3 1 0
github.com/ojo-network/ojo/x/oracle/types/query.pb.go:991.138,994.16 3 0
github.com/ojo-network/ojo/x/oracle/types/query.pb.go:997.2,997.17 1 0
github.com/ojo-network/ojo/x/oracle/types/query.pb.go:994.16,996.3 1 0
github.com/ojo-network/ojo/x/oracle/types/query.pb.go:1000.138,1003.16 3 0
github.com/ojo-network/ojo/x/oracle/types/query.pb.go:1006.2,1006.17 1 0
github.com/ojo-network/ojo/x/oracle/types/query.pb.go:1003.16,1005.3 1 0
github.com/ojo-network/ojo/x/oracle/types/query.pb.go:1009.153,1012.16 3 0
github.com/ojo-network/ojo/x/oracle/types/query.pb.go:1015.2,1015.17 1 0
github.com/ojo-network/ojo/x/oracle/types/query.pb.go:1012.16,1014.3 1 0
github.com/ojo-network/ojo/x/oracle/types/query.pb.go:1018.156,1021.16 3 0
github.com/ojo-network/ojo/x/oracle/types/query.pb.go:1024.2,1024.17 1 0
github.com/ojo-network/ojo/x/oracle/types/query.pb.go:1021.16,1023.3 1 0
github.com/ojo-network/ojo/x/oracle/types/query.pb.go:1027.144,1030.16 3 0
github.com/ojo-network/ojo/x/oracle/types/query.pb.go:1033.2,1033.17 1 0
github.com/ojo-network/ojo/x/oracle/types/query.pb.go:1030.16,1032.3 1 0
github.com/ojo-network/ojo/x/oracle/types/query.pb.go:1036.147,1039.16 3 0
github.com/ojo-network/ojo/x/oracle/types/query.pb.go:1042.2,1042.17 1 0
github.com/ojo-network/ojo/x/oracle/types/query.pb.go:1039.16,1041.3 1 0
github.com/ojo-network/ojo/x/oracle/types/query.pb.go:1045.123,1048.16 3 0
github.com/ojo-network/ojo/x/oracle/types/query.pb.go:1051.2,1051.17 1 0
github.com/ojo-network/ojo/x/oracle/types/query.pb.go:1048.16,1050.3 1 0
github.com/ojo-network/ojo/x/oracle/types/query.pb.go:1083.131,1085.2 1 0
github.com/ojo-network/ojo/x/oracle/types/query.pb.go:1086.149,1088.2 1 0
github.com/ojo-network/ojo/x/oracle/types/query.pb.go:1089.140,1091.2 1 0
github.com/ojo-network/ojo/x/oracle/types/query.pb.go:1092.125,1094.2 1 0
github.com/ojo-network/ojo/x/oracle/types/query.pb.go:1095.125,1097.2 1 0
github.com/ojo-network/ojo/x/oracle/types/query.pb.go:1098.140,1100.2 1 0
github.com/ojo-network/ojo/x/oracle/types/query.pb.go:1101.143,1103.2 1 0
github.com/ojo-network/ojo/x/oracle/types/query.pb.go:1104.131,1106.2 1 0
github.com/ojo-network/ojo/x/oracle/types/query.pb.go:1107.134,1109.2 1 0
github.com/ojo-network/ojo/x/oracle/types/query.pb.go:1110.110,1112.2 1 0
github.com/ojo-network/ojo/x/oracle/types/query.pb.go:1114.59,1116.2 1 0
github.com/ojo-network/ojo/x/oracle/types/query.pb.go:1118.164,1120.32 2 0
github.com/ojo-network/ojo/x/oracle/types/query.pb.go:1123.2,1123.24 1 0
github.com/ojo-network/ojo/x/oracle/types/query.pb.go:1126.2,1130.77 2 0
github.com/ojo-network/ojo/x/oracle/types/query.pb.go:1133.2,1133.44 1 0
github.com/ojo-network/ojo/x/oracle/types/query.pb.go:1120.32,1122.3 1 0
github.com/ojo-network/ojo/x/oracle/types/query.pb.go:1123.24,1125.3 1 0
github.com/ojo-network/ojo/x/oracle/types/query.pb.go:1130.77,1132.3 1 0
github.com/ojo-network/ojo/x/oracle/types/query.pb.go:1136.170,1138.32 2 0
github.com/ojo-network/ojo/x/oracle/types/query.pb.go:1141.2,1141.24 1 0
github.com/ojo-network/ojo/x/oracle/types/query.pb.go:1144.2,1148.77 2 0
github.com/ojo-network/ojo/x/oracle/types/query.pb.go:1151.2,1151.44 1 0
github.com/ojo-network/ojo/x/oracle/types/query.pb.go:1138.32,1140.3 1 0
github.com/ojo-network/ojo/x/oracle/types/query.pb.go:1141.24,1143.3 1 0
github.com/ojo-network/ojo/x/oracle/types/query.pb.go:1148.77,1150.3 1 0
github.com/ojo-network/ojo/x/oracle/types/query.pb.go:1154.167,1156.32 2 0
github.com/ojo-network/ojo/x/oracle/types/query.pb.go:1159.2,1159.24 1 0
github.com/ojo-network/ojo/x/oracle/types/query.pb.go:1162.2,1166.77 2 0
github.com/ojo-network/ojo/x/oracle/types/query.pb.go:1169.2,1169.44 1 0
github.com/ojo-network/ojo/x/oracle/types/query.pb.go:1156.32,1158.3 1 0
github.com/ojo-network/ojo/x/oracle/types/query.pb.go:1159.24,1161.3 1 0
github.com/ojo-network/ojo/x/oracle/types/query.pb.go:1166.77,1168.3 1 0
github.com/ojo-network/ojo/x/oracle/types/query.pb.go:1172.162,1174.32 2 0
github.com/ojo-network/ojo/x/oracle/types/query.pb.go:1177.2,1177.24 1 0
github.com/ojo-network/ojo/x/oracle/types/query.pb.go:1180.2,1184.77 2 0
github.com/ojo-network/ojo/x/oracle/types/query.pb.go:1187.2,1187.44 1 0
github.com/ojo-network/ojo/x/oracle/types/query.pb.go:1174.32,1176.3 1 0
github.com/ojo-network/ojo/x/oracle/types/query.pb.go:1177.24,1179.3 1 0
github.com/ojo-network/ojo/x/oracle/types/query.pb.go:1184.77,1186.3 1 0
github.com/ojo-network/ojo/x/oracle/types/query.pb.go:1190.162,1192.32 2 0
github.com/ojo-network/ojo/x/oracle/types/query.pb.go:1195.2,1195.24 1 0
github.com/ojo-network/ojo/x/oracle/types/query.pb.go:1198.2,1202.77 2 0
github.com/ojo-network/ojo/x/oracle/types/query.pb.go:1205.2,1205.44 1 0
github.com/ojo-network/ojo/x/oracle/types/query.pb.go:1192.32,1194.3 1 0
github.com/ojo-network/ojo/x/oracle/types/query.pb.go:1195.24,1197.3 1 0
github.com/ojo-network/ojo/x/oracle/types/query.pb.go:1202.77,1204.3 1 0
github.com/ojo-network/ojo/x/oracle/types/query.pb.go:1208.167,1210.32 2 0
github.com/ojo-network/ojo/x/oracle/types/query.pb.go:1213.2,1213.24 1 0
github.com/ojo-network/ojo/x/oracle/types/query.pb.go:1216.2,1220.77 2 0
github.com/ojo-network/ojo/x/oracle/types/query.pb.go:1223.2,1223.44 1 0
github.com/ojo-network/ojo/x/oracle/types/query.pb.go:1210.32,1212.3 1 0
github.com/ojo-network/ojo/x/oracle/types/query.pb.go:1213.24,1215.3 1 0
github.com/ojo-network/ojo/x/oracle/types/query.pb.go:1220.77,1222.3 1 0
github.com/ojo-network/ojo/x/oracle/types/query.pb.go:1226.168,1228.32 2 0
github.com/ojo-network/ojo/x/oracle/types/query.pb.go:1231.2,1231.24 1 0
github.com/ojo-network/ojo/x/oracle/types/query.pb.go:1234.2,1238.77 2 0
github.com/ojo-network/ojo/x/oracle/types/query.pb.go:1241.2,1241.44 1 0
github.com/ojo-network/ojo/x/oracle/types/query.pb.go:1228.32,1230.3 1 0
github.com/ojo-network/ojo/x/oracle/types/query.pb.go:1231.24,1233.3 1 0
github.com/ojo-network/ojo/x/oracle/types/query.pb.go:1238.77,1240.3 1 0
github.com/ojo-network/ojo/x/oracle/types/query.pb.go:1244.164,1246.32 2 0
github.com/ojo-network/ojo/x/oracle/types/query.pb.go:1249.2,1249.24 1 0
github.com/ojo-network/ojo/x/oracle/types/query.pb.go:1252.2,1256.77 2 0
github.com/ojo-network/ojo/x/oracle/types/query.pb.go:1259.2,1259.44 1 0
github.com/ojo-network/ojo/x/oracle/types/query.pb.go:1246.32,1248.3 1 0
github.com/ojo-network/ojo/x/oracle/types/query.pb.go:1249.24,1251.3 1 0
github.com/ojo-network/ojo/x/oracle/types/query.pb.go:1256.77,1258.3 1 0
github.com/ojo-network/ojo/x/oracle/types/query.pb.go:1262.165,1264.32 2 0
github.com/ojo-network/ojo/x/oracle/types/query.pb.go:1267.2,1267.24 1 0
github.com/ojo-network/ojo/x/oracle/types/query.pb.go:1270.2,1274.77 2 0
github.com/ojo-network/ojo/x/oracle/types/query.pb.go:1277.2,1277.44 1 0
github.com/ojo-network/ojo/x/oracle/types/query.pb.go:1264.32,1266.3 1 0
github.com/ojo-network/ojo/x/oracle/types/query.pb.go:1267.24,1269.3 1 0
github.com/ojo-network/ojo/x/oracle/types/query.pb.go:1274.77,1276.3 1 0
github.com/ojo-network/ojo/x/oracle/types/query.pb.go:1280.157,1282.32 2 0
github.com/ojo-network/ojo/x/oracle/types/query.pb.go:1285.2,1285.24 1 0
github.com/ojo-network/ojo/x/oracle/types/query.pb.go:1288.2,1292.77 2 0
github.com/ojo-network/ojo/x/oracle/types/query.pb.go:1295.2,1295.44 1 0
github.com/ojo-network/ojo/x/oracle/types/query.pb.go:1282.32,1284.3 1 0
github.com/ojo-network/ojo/x/oracle/types/query.pb.go:1285.24,1287.3 1 0
github.com/ojo-network/ojo/x/oracle/types/query.pb.go:1292.77,1294.3 1 0
github.com/ojo-network/ojo/x/oracle/types/query.pb.go:1347.65,1351.16 4 0
github.com/ojo-network/ojo/x/oracle/types/query.pb.go:1354.2,1354.22 1 0
github.com/ojo-network/ojo/x/oracle/types/query.pb.go:1351.16,1353.3 1 0
github.com/ojo-network/ojo/x/oracle/types/query.pb.go:1357.66,1360.2 2 0
github.com/ojo-network/ojo/x/oracle/types/query.pb.go:1362.77,1367.22 5 0
github.com/ojo-network/ojo/x/oracle/types/query.pb.go:1374.2,1374.27 1 0
github.com/ojo-network/ojo/x/oracle/types/query.pb.go:1367.22,1373.3 5 0
github.com/ojo-network/ojo/x/oracle/types/query.pb.go:1377.73,1381.16 4 0
github.com/ojo-network/ojo/x/oracle/types/query.pb.go:1384.2,1384.22 1 0
github.com/ojo-network/ojo/x/oracle/types/query.pb.go:1381.16,1383.3 1 0
github.com/ojo-network/ojo/x/oracle/types/query.pb.go:1387.74,1390.2 2 0
github.com/ojo-network/ojo/x/oracle/types/query.pb.go:1392.85,1397.30 5 0
github.com/ojo-network/ojo/x/oracle/types/query.pb.go:1411.2,1411.27 1 0
github.com/ojo-network/ojo/x/oracle/types/query.pb.go:1397.30,1398.62 1 0
github.com/ojo-network/ojo/x/oracle/types/query.pb.go:1398.62,1399.4 1 0
github.com/ojo-network/ojo/x/oracle/types/query.pb.go:1407.4,1408.17 2 0
github.com/ojo-network/ojo/x/oracle/types/query.pb.go:1399.4,1401.19 2 0
github.com/ojo-network/ojo/x/oracle/types/query.pb.go:1404.5,1405.49 2 0
github.com/ojo-network/ojo/x/oracle/types/query.pb.go:1401.19,1403.6 1 0
github.com/ojo-network/ojo/x/oracle/types/query.pb.go:1414.71,1418.16 4 0
github.com/ojo-network/ojo/x/oracle/types/query.pb.go:1421.2,1421.22 1 0
github.com/ojo-network/ojo/x/oracle/types/query.pb.go:1418.16,1420.3 1 0
github.com/ojo-network/ojo/x/oracle/types/query.pb.go:1424.72,1427.2 2 0
github.com/ojo-network/ojo/x/oracle/types/query.pb.go:1429.83,1435.2 5 0
github.com/ojo-network/ojo/x/oracle/types/query.pb.go:1437.79,1441.16 4 0
github.com/ojo-network/ojo/x/oracle/types/query.pb.go:1444.2,1444.22 1 0
github.com/ojo-network/ojo/x/oracle/types/query.pb.go:1441.16,1443.3 1 0
github.com/ojo-network/ojo/x/oracle/types/query.pb.go:1447.80,1450.2 2 0
github.com/ojo-network/ojo/x/oracle/types/query.pb.go:1452.91,1457.28 5 0
github.com/ojo-network/ojo/x/oracle/types/query.pb.go:1466.2,1466.27 1 0
github.com/ojo-network/ojo/x/oracle/types/query.pb.go:1457.28,1458.60 1 0
github.com/ojo-network/ojo/x/oracle/types/query.pb.go:1458.60,1464.4 5 0
github.com/ojo-network/ojo/x/oracle/types/query.pb.go:1469.68,1473.16 4 0
github.com/ojo-network/ojo/x/oracle/types/query.pb.go:1476.2,1476.22 1 0
github.com/ojo-network/ojo/x/oracle/types/query.pb.go:1473.16,1475.3 1 0
github.com/ojo-network/ojo/x/oracle/types/query.pb.go:1479.69,1482.2 2 0
github.com/ojo-network/ojo/x/oracle/types/query.pb.go:1484.80,1489.30 5 0
github.com/ojo-network/ojo/x/oracle/types/query.pb.go:1496.2,1496.27 1 0
github.com/ojo-network/ojo/x/oracle/types/query.pb.go:1489.30,1495.3 5 0
github.com/ojo-network/ojo/x/oracle/types/query.pb.go:1499.76,1503.16 4 0
github.com/ojo-network/ojo/x/oracle/types/query.pb.go:1506.2,1506.22 1 0
github.com/ojo-network/ojo/x/oracle/types/query.pb.go:1503.16,1505.3 1 0
github.com/ojo-network/ojo/x/oracle/types/query.pb.go:1509.77,1512.2 2 0
github.com/ojo-network/ojo/x/oracle/types/query.pb.go:1514.88,1519.27 5 0
github.com/ojo-network/ojo/x/oracle/types/query.pb.go:1526.2,1526.27 1 0
github.com/ojo-network/ojo/x/oracle/types/query.pb.go:1519.27,1525.3 5 0
github.com/ojo-network/ojo/x/oracle/types/query.pb.go:1529.63,1533.16 4 0
github.com/ojo-network/ojo/x/oracle/types/query.pb.go:1536.2,1536.22 1 0
github.com/ojo-network/ojo/x/oracle/types/query.pb.go:1533.16,1535.3 1 0
github.com/ojo-network/ojo/x/oracle/types/query.pb.go:1539.64,1542.2 2 0
github.com/ojo-network/ojo/x/oracle/types/query.pb.go:1544.75,1549.30 5 0
github.com/ojo-network/ojo/x/oracle/types/query.pb.go:1556.2,1556.27 1 0
github.com/ojo-network/ojo/x/oracle/types/query.pb.go:1549.30,1555.3 5 0
github.com/ojo-network/ojo/x/oracle/types/query.pb.go:1559.71,1563.16 4 0
github.com/ojo-network/ojo/x/oracle/types/query.pb.go:1566.2,1566.22 1 0
github.com/ojo-network/ojo/x/oracle/types/query.pb.go:1563.16,1565.3 1 0
github.com/ojo-network/ojo/x/oracle/types/query.pb.go:1569.72,1572.2 2 0
github.com/ojo-network/ojo/x/oracle/types/query.pb.go:1574.83,1579.24 5 0
github.com/ojo-network/ojo/x/oracle/types/query.pb.go:1584.2,1584.27 1 0
github.com/ojo-network/ojo/x/oracle/types/query.pb.go:1579.24,1583.3 3 0
github.com/ojo-network/ojo/x/oracle/types/query.pb.go:1587.63,1591.16 4 0
github.com/ojo-network/ojo/x/oracle/types/query.pb.go:1594.2,1594.22 1 0
github.com/ojo-network/ojo/x/oracle/types/query.pb.go:1591.16,1593.3 1 0
github.com/ojo-network/ojo/x/oracle/types/query.pb.go:1597.64,1600.2 2 0
github.com/ojo-network/ojo/x/oracle/types/query.pb.go:1602.75,1608.2 5 0
github.com/ojo-network/ojo/x/oracle/types/query.pb.go:1610.71,1614.16 4 0
github.com/ojo-network/ojo/x/oracle/types/query.pb.go:1617.2,1617.22 1 0
github.com/ojo-network/ojo/x/oracle/types/query.pb.go:1614.16,1616.3 1 0
github.com/ojo-network/ojo/x/oracle/types/query.pb.go:1620.72,1623.2 2 0
github.com/ojo-network/ojo/x/oracle/types/query.pb.go:1625.83,1630.27 5 0
github.com/ojo-network/ojo/x/oracle/types/query.pb.go:1635.2,1635.27 1 0
github.com/ojo-network/ojo/x/oracle/types/query.pb.go:1630.27,1634.3 3 0
github.com/ojo-network/ojo/x/oracle/types/query.pb.go:1638.68,1642.16 4 0
github.com/ojo-network/ojo/x/oracle/types/query.pb.go:1645.2,1645.22 1 0
github.com/ojo-network/ojo/x/oracle/types/query.pb.go:1642.16,1644.3 1 0
github.com/ojo-network/ojo/x/oracle/types/query.pb.go:1648.69,1651.2 2 0
github.com/ojo-network/ojo/x/oracle/types/query.pb.go:1653.80,1658.30 5 0
github.com/ojo-network/ojo/x/oracle/types/query.pb.go:1665.2,1665.27 1 0
github.com/ojo-network/ojo/x/oracle/types/query.pb.go:1658.30,1664.3 5 0
github.com/ojo-network/ojo/x/oracle/types/query.pb.go:1668.76,1672.16 4 0
github.com/ojo-network/ojo/x/oracle/types/query.pb.go:1675.2,1675.22 1 0
github.com/ojo-network/ojo/x/oracle/types/query.pb.go:1672.16,1674.3 1 0
github.com/ojo-network/ojo/x/oracle/types/query.pb.go:1678.77,1681.2 2 0
github.com/ojo-network/ojo/x/oracle/types/query.pb.go:1683.88,1688.2 5 0
github.com/ojo-network/ojo/x/oracle/types/query.pb.go:1696.2,1698.27 3 0
github.com/ojo-network/ojo/x/oracle/types/query.pb.go:1688.2,1690.17 2 0
[...]
github.com/ojo-network/ojo/x/oracle/types/query.pb.gw.go:673.128,678.17 5 0
github.com/ojo-network/ojo/x/oracle/types/query.pb.gw.go:682.3,684.17 3 0
github.com/ojo-network/ojo/x/oracle/types/query.pb.gw.go:689.3,689.111 1 0
github.com/ojo-network/ojo/x/oracle/types/query.pb.gw.go:678.17,681.4 2 0
github.com/ojo-network/ojo/x/oracle/types/query.pb.gw.go:684.17,687.4 2 0
github.com/ojo-network/ojo/x/oracle/types/query.pb.gw.go:693.134,698.17 5 0
github.com/ojo-network/ojo/x/oracle/types/query.pb.gw.go:702.3,704.17 3 0
github.com/ojo-network/ojo/x/oracle/types/query.pb.gw.go:709.3,709.117 1 0
github.com/ojo-network/ojo/x/oracle/types/query.pb.gw.go:698.17,701.4 2 0
github.com/ojo-network/ojo/x/oracle/types/query.pb.gw.go:704.17,707.4 2 0
github.com/ojo-network/ojo/x/oracle/types/query.pb.gw.go:713.131,718.17 5 0
github.com/ojo-network/ojo/x/oracle/types/query.pb.gw.go:722.3,724.17 3 0
github.com/ojo-network/ojo/x/oracle/types/query.pb.gw.go:729.3,729.114 1 0
github.com/ojo-network/ojo/x/oracle/types/query.pb.gw.go:718.17,721.4 2 0
github.com/ojo-network/ojo/x/oracle/types/query.pb.gw.go:724.17,727.4 2 0
github.com/ojo-network/ojo/x/oracle/types/query.pb.gw.go:733.126,738.17 5 0
github.com/ojo-network/ojo/x/oracle/types/query.pb.gw.go:742.3,744.17 3 0
github.com/ojo-network/ojo/x/oracle/types/query.pb.gw.go:749.3,749.109 1 0
github.com/ojo-network/ojo/x/oracle/types/query.pb.gw.go:738.17,741.4 2 0
github.com/ojo-network/ojo/x/oracle/types/query.pb.gw.go:744.17,747.4 2 0
github.com/ojo-network/ojo/x/oracle/types/query.pb.gw.go:753.126,758.17 5 0
github.com/ojo-network/ojo/x/oracle/types/query.pb.gw.go:762.3,764.17 3 0
github.com/ojo-network/ojo/x/oracle/types/query.pb.gw.go:769.3,769.109 1 0
github.com/ojo-network/ojo/x/oracle/types/query.pb.gw.go:758.17,761.4 2 0
github.com/ojo-network/ojo/x/oracle/types/query.pb.gw.go:764.17,767.4 2 0
github.com/ojo-network/ojo/x/oracle/types/query.pb.gw.go:773.131,778.17 5 0
github.com/ojo-network/ojo/x/oracle/types/query.pb.gw.go:782.3,784.17 3 0
github.com/ojo-network/ojo/x/oracle/types/query.pb.gw.go:789.3,789.114 1 0
github.com/ojo-network/ojo/x/oracle/types/query.pb.gw.go:778.17,781.4 2 0
github.com/ojo-network/ojo/x/oracle/types/query.pb.gw.go:784.17,787.4 2 0
github.com/ojo-network/ojo/x/oracle/types/query.pb.gw.go:793.132,798.17 5 0
github.com/ojo-network/ojo/x/oracle/types/query.pb.gw.go:802.3,804.17 3 0
github.com/ojo-network/ojo/x/oracle/types/query.pb.gw.go:809.3,809.115 1 0
github.com/ojo-network/ojo/x/oracle/types/query.pb.gw.go:798.17,801.4 2 0
github.com/ojo-network/ojo/x/oracle/types/query.pb.gw.go:804.17,807.4 2 0
github.com/ojo-network/ojo/x/oracle/types/query.pb.gw.go:813.128,818.17 5 0
github.com/ojo-network/ojo/x/oracle/types/query.pb.gw.go:822.3,824.17 3 0
github.com/ojo-network/ojo/x/oracle/types/query.pb.gw.go:829.3,829.111 1 0
github.com/ojo-network/ojo/x/oracle/types/query.pb.gw.go:818.17,821.4 2 0
github.com/ojo-network/ojo/x/oracle/types/query.pb.gw.go:824.17,827.4 2 0
github.com/ojo-network/ojo/x/oracle/types/query.pb.gw.go:833.129,838.17 5 0
github.com/ojo-network/ojo/x/oracle/types/query.pb.gw.go:842.3,844.17 3 0
github.com/ojo-network/ojo/x/oracle/types/query.pb.gw.go:849.3,849.112 1 0
github.com/ojo-network/ojo/x/oracle/types/query.pb.gw.go:838.17,841.4 2 0
github.com/ojo-network/ojo/x/oracle/types/query.pb.gw.go:844.17,847.4 2 0
github.com/ojo-network/ojo/x/oracle/types/query.pb.gw.go:853.121,858.17 5 0
github.com/ojo-network/ojo/x/oracle/types/query.pb.gw.go:862.3,864.17 3 0
github.com/ojo-network/ojo/x/oracle/types/query.pb.gw.go:869.3,869.104 1 0
github.com/ojo-network/ojo/x/oracle/types/query.pb.gw.go:858.17,861.4 2 0
github.com/ojo-network/ojo/x/oracle/types/query.pb.gw.go:864.17,867.4 2 0
github.com/ojo-network/ojo/x/oracle/types/vote.go:15.32,21.2 1 1
github.com/ojo-network/ojo/x/oracle/types/vote.go:24.55,27.2 2 1
github.com/ojo-network/ojo/x/oracle/types/vote.go:32.29,37.2 1 1
github.com/ojo-network/ojo/x/oracle/types/vote.go:40.52,43.2 2 1
github.com/ojo-network/ojo/x/oracle/types/vote.go:46.81,51.2 1 3
github.com/ojo-network/ojo/x/oracle/types/vote.go:54.44,57.2 2 1
github.com/ojo-network/ojo/x/oracle/types/vote.go:63.50,66.2 2 1
github.com/ojo-network/ojo/x/oracle/types/vote.go:69.76,70.25 1 11
github.com/ojo-network/ojo/x/oracle/types/vote.go:74.2,78.37 4 10
github.com/ojo-network/ojo/x/oracle/types/vote.go:106.2,106.20 1 2
github.com/ojo-network/ojo/x/oracle/types/vote.go:70.25,72.3 1 1
github.com/ojo-network/ojo/x/oracle/types/vote.go:78.37,80.31 2 15
github.com/ojo-network/ojo/x/oracle/types/vote.go:84.3,85.17 2 11
github.com/ojo-network/ojo/x/oracle/types/vote.go:88.3,88.28 1 11
github.com/ojo-network/ojo/x/oracle/types/vote.go:92.3,99.44 3 8
github.com/ojo-network/ojo/x/oracle/types/vote.go:103.3,103.34 1 7
github.com/ojo-network/ojo/x/oracle/types/vote.go:80.31,82.4 1 4
github.com/ojo-network/ojo/x/oracle/types/vote.go:85.17,87.4 1 0
github.com/ojo-network/ojo/x/oracle/types/vote.go:88.28,90.4 1 3
github.com/ojo-network/ojo/x/oracle/types/vote.go:99.44,101.4 1 1
github.com/ojo-network/ojo/x/oracle/keeper/grpc_query.go:22.50,24.2 1 82
github.com/ojo-network/ojo/x/oracle/keeper/grpc_query.go:30.39,31.16 1 2
github.com/ojo-network/ojo/x/oracle/keeper/grpc_query.go:35.2,38.56 3 1
github.com/ojo-network/ojo/x/oracle/keeper/grpc_query.go:31.16,33.3 1 1
github.com/ojo-network/ojo/x/oracle/keeper/grpc_query.go:46.46,47.16 1 4
github.com/ojo-network/ojo/x/oracle/keeper/grpc_query.go:51.2,55.24 3 3
github.com/ojo-network/ojo/x/oracle/keeper/grpc_query.go:69.2,69.77 1 2
github.com/ojo-network/ojo/x/oracle/keeper/grpc_query.go:47.16,49.3 1 1
github.com/ojo-network/ojo/x/oracle/keeper/grpc_query.go:55.24,57.17 2 2
github.com/ojo-network/ojo/x/oracle/keeper/grpc_query.go:61.3,61.84 1 1
github.com/ojo-network/ojo/x/oracle/keeper/grpc_query.go:57.17,59.4 1 1
github.com/ojo-network/ojo/x/oracle/keeper/grpc_query.go:62.8,63.76 1 1
github.com/ojo-network/ojo/x/oracle/keeper/grpc_query.go:63.76,66.4 2 1
github.com/ojo-network/ojo/x/oracle/keeper/grpc_query.go:76.52,77.16 1 2
github.com/ojo-network/ojo/x/oracle/keeper/grpc_query.go:81.2,84.72 3 1
github.com/ojo-network/ojo/x/oracle/keeper/grpc_query.go:89.2,89.74 1 1
github.com/ojo-network/ojo/x/oracle/keeper/grpc_query.go:77.16,79.3 1 1
github.com/ojo-network/ojo/x/oracle/keeper/grpc_query.go:84.72,87.3 2 1
github.com/ojo-network/ojo/x/oracle/keeper/grpc_query.go:97.49,98.16 1 2
github.com/ojo-network/ojo/x/oracle/keeper/grpc_query.go:102.2,103.16 2 1
github.com/ojo-network/ojo/x/oracle/keeper/grpc_query.go:107.2,109.16 3 0
github.com/ojo-network/ojo/x/oracle/keeper/grpc_query.go:113.2,115.8 1 0
github.com/ojo-network/ojo/x/oracle/keeper/grpc_query.go:98.16,100.3 1 1
github.com/ojo-network/ojo/x/oracle/keeper/grpc_query.go:103.16,105.3 1 1
github.com/ojo-network/ojo/x/oracle/keeper/grpc_query.go:109.16,111.3 1 0
github.com/ojo-network/ojo/x/oracle/keeper/grpc_query.go:122.44,123.16 1 4
github.com/ojo-network/ojo/x/oracle/keeper/grpc_query.go:127.2,128.16 2 3
github.com/ojo-network/ojo/x/oracle/keeper/grpc_query.go:132.2,136.8 2 2
github.com/ojo-network/ojo/x/oracle/keeper/grpc_query.go:123.16,125.3 1 1
github.com/ojo-network/ojo/x/oracle/keeper/grpc_query.go:128.16,130.3 1 1
github.com/ojo-network/ojo/x/oracle/keeper/grpc_query.go:143.44,144.16 1 1
github.com/ojo-network/ojo/x/oracle/keeper/grpc_query.go:148.2,154.8 3 1
github.com/ojo-network/ojo/x/oracle/keeper/grpc_query.go:144.16,146.3 1 0
github.com/ojo-network/ojo/x/oracle/keeper/grpc_query.go:161.49,162.16 1 5
github.com/ojo-network/ojo/x/oracle/keeper/grpc_query.go:166.2,167.16 2 4
github.com/ojo-network/ojo/x/oracle/keeper/grpc_query.go:171.2,174.16 3 2
github.com/ojo-network/ojo/x/oracle/keeper/grpc_query.go:178.2,180.8 1 1
github.com/ojo-network/ojo/x/oracle/keeper/grpc_query.go:162.16,164.3 1 1
github.com/ojo-network/ojo/x/oracle/keeper/grpc_query.go:167.16,169.3 1 2
github.com/ojo-network/ojo/x/oracle/keeper/grpc_query.go:174.16,176.3 1 1
github.com/ojo-network/ojo/x/oracle/keeper/grpc_query.go:187.50,188.16 1 3
github.com/ojo-network/ojo/x/oracle/keeper/grpc_query.go:192.2,195.118 3 2
github.com/ojo-network/ojo/x/oracle/keeper/grpc_query.go:200.2,202.8 1 2
github.com/ojo-network/ojo/x/oracle/keeper/grpc_query.go:188.16,190.3 1 1
github.com/ojo-network/ojo/x/oracle/keeper/grpc_query.go:195.118,198.3 2 1
github.com/ojo-network/ojo/x/oracle/keeper/grpc_query.go:209.46,210.16 1 4
github.com/ojo-network/ojo/x/oracle/keeper/grpc_query.go:214.2,215.16 2 3
github.com/ojo-network/ojo/x/oracle/keeper/grpc_query.go:219.2,222.16 3 2
github.com/ojo-network/ojo/x/oracle/keeper/grpc_query.go:226.2,228.8 1 1
github.com/ojo-network/ojo/x/oracle/keeper/grpc_query.go:210.16,212.3 1 1
github.com/ojo-network/ojo/x/oracle/keeper/grpc_query.go:215.16,217.3 1 1
github.com/ojo-network/ojo/x/oracle/keeper/grpc_query.go:222.16,224.3 1 1
github.com/ojo-network/ojo/x/oracle/keeper/grpc_query.go:235.47,236.16 1 3
github.com/ojo-network/ojo/x/oracle/keeper/grpc_query.go:240.2,243.109 3 2
github.com/ojo-network/ojo/x/oracle/keeper/grpc_query.go:248.2,250.8 1 2
github.com/ojo-network/ojo/x/oracle/keeper/grpc_query.go:236.16,238.3 1 1
github.com/ojo-network/ojo/x/oracle/keeper/grpc_query.go:243.109,246.3 2 1
github.com/ojo-network/ojo/x/oracle/keeper/keeper.go:45.10,47.75 1 40
github.com/ojo-network/ojo/x/oracle/keeper/keeper.go:52.2,52.31 1 40
github.com/ojo-network/ojo/x/oracle/keeper/keeper.go:56.2,65.3 1 40
github.com/ojo-network/ojo/x/oracle/keeper/keeper.go:47.75,48.77 1 0
github.com/ojo-network/ojo/x/oracle/keeper/keeper.go:52.31,54.3 1 40
github.com/ojo-network/ojo/x/oracle/keeper/keeper.go:69.52,71.2 1 0
github.com/ojo-network/ojo/x/oracle/keeper/keeper.go:75.82,79.14 4 10
github.com/ojo-network/ojo/x/oracle/keeper/keeper.go:83.2,86.26 3 6
github.com/ojo-network/ojo/x/oracle/keeper/keeper.go:79.14,81.3 1 4
github.com/ojo-network/ojo/x/oracle/keeper/keeper.go:91.85,96.46 4 2
github.com/ojo-network/ojo/x/oracle/keeper/keeper.go:103.2,103.22 1 2
github.com/ojo-network/ojo/x/oracle/keeper/keeper.go:107.2,108.16 2 2
github.com/ojo-network/ojo/x/oracle/keeper/keeper.go:112.2,113.46 2 2
github.com/ojo-network/ojo/x/oracle/keeper/keeper.go:96.46,97.35 1 2
github.com/ojo-network/ojo/x/oracle/keeper/keeper.go:97.35,100.9 3 2
github.com/ojo-network/ojo/x/oracle/keeper/keeper.go:103.22,105.3 1 0
github.com/ojo-network/ojo/x/oracle/keeper/keeper.go:108.16,110.3 1 0
github.com/ojo-network/ojo/x/oracle/keeper/keeper.go:118.86,123.2 4 9
github.com/ojo-network/ojo/x/oracle/keeper/keeper.go:127.101,132.2 2 1
github.com/ojo-network/ojo/x/oracle/keeper/keeper.go:135.91,141.34 4 2
github.com/ojo-network/ojo/x/oracle/keeper/keeper.go:141.34,147.29 5 2
github.com/ojo-network/ojo/x/oracle/keeper/keeper.go:147.29,148.9 1 0
github.com/ojo-network/ojo/x/oracle/keeper/keeper.go:153.53,157.34 4 1
github.com/ojo-network/ojo/x/oracle/keeper/keeper.go:157.34,159.3 1 1
github.com/ojo-network/ojo/x/oracle/keeper/keeper.go:164.100,166.81 1 5
github.com/ojo-network/ojo/x/oracle/keeper/keeper.go:170.2,172.15 3 0
github.com/ojo-network/ojo/x/oracle/keeper/keeper.go:176.2,176.32 1 0
github.com/ojo-network/ojo/x/oracle/keeper/keeper.go:166.81,168.3 1 0
github.com/ojo-network/ojo/x/oracle/keeper/keeper.go:172.15,175.3 1 0
github.com/ojo-network/ojo/x/oracle/keeper/keeper.go:181.111,184.2 2 1
github.com/ojo-network/ojo/x/oracle/keeper/keeper.go:190.99,196.34 4 0
github.com/ojo-network/ojo/x/oracle/keeper/keeper.go:196.34,200.35 3 0
github.com/ojo-network/ojo/x/oracle/keeper/keeper.go:200.35,201.9 1 0
github.com/ojo-network/ojo/x/oracle/keeper/keeper.go:208.81,212.15 3 5
github.com/ojo-network/ojo/x/oracle/keeper/keeper.go:217.2,220.26 3 2
github.com/ojo-network/ojo/x/oracle/keeper/keeper.go:212.15,215.3 1 3
github.com/ojo-network/ojo/x/oracle/keeper/keeper.go:225.94,229.2 3 4
github.com/ojo-network/ojo/x/oracle/keeper/keeper.go:232.77,235.2 2 2
github.com/ojo-network/ojo/x/oracle/keeper/keeper.go:239.97,245.34 4 2
github.com/ojo-network/ojo/x/oracle/keeper/keeper.go:245.34,251.43 4 2
github.com/ojo-network/ojo/x/oracle/keeper/keeper.go:251.43,252.9 1 0
github.com/ojo-network/ojo/x/oracle/keeper/keeper.go:261.47,265.15 3 8
github.com/ojo-network/ojo/x/oracle/keeper/keeper.go:269.2,272.30 3 4
github.com/ojo-network/ojo/x/oracle/keeper/keeper.go:265.15,267.3 1 4
github.com/ojo-network/ojo/x/oracle/keeper/keeper.go:279.8,282.2 2 0
github.com/ojo-network/ojo/x/oracle/keeper/keeper.go:289.3,294.2 3 4
github.com/ojo-network/ojo/x/oracle/keeper/keeper.go:297.91,300.2 2 2
github.com/ojo-network/ojo/x/oracle/keeper/keeper.go:306.3,312.34 4 3
github.com/ojo-network/ojo/x/oracle/keeper/keeper.go:312.34,318.43 4 2
github.com/ojo-network/ojo/x/oracle/keeper/keeper.go:318.43,319.9 1 0
github.com/ojo-network/ojo/x/oracle/keeper/keeper.go:328.44,332.15 3 7
github.com/ojo-network/ojo/x/oracle/keeper/keeper.go:336.2,339.27 3 3
github.com/ojo-network/ojo/x/oracle/keeper/keeper.go:332.15,334.3 1 4
github.com/ojo-network/ojo/x/oracle/keeper/keeper.go:347.3,352.2 3 5
github.com/ojo-network/ojo/x/oracle/keeper/keeper.go:355.88,358.2 2 2
github.com/ojo-network/ojo/x/oracle/keeper/keeper.go:369.3,375.34 4 5
github.com/ojo-network/ojo/x/oracle/keeper/keeper.go:375.34,381.40 4 3
github.com/ojo-network/ojo/x/oracle/keeper/keeper.go:381.40,382.9 1 0
github.com/ojo-network/ojo/x/oracle/keeper/keeper.go:388.106,390.16 2 4
github.com/ojo-network/ojo/x/oracle/keeper/keeper.go:393.2,393.34 1 0
github.com/ojo-network/ojo/x/oracle/keeper/keeper.go:397.2,397.12 1 0
github.com/ojo-network/ojo/x/oracle/keeper/keeper.go:390.16,392.3 1 0
github.com/ojo-network/ojo/x/oracle/keeper/keeper.go:393.34,395.3 1 0
github.com/ojo-network/ojo/x/oracle/keeper/msg_server.go:19.54,21.2 1 80
github.com/ojo-network/ojo/x/oracle/keeper/msg_server.go:26.59,29.16 3 1
github.com/ojo-network/ojo/x/oracle/keeper/msg_server.go:32.2,33.16 2 1
github.com/ojo-network/ojo/x/oracle/keeper/msg_server.go:37.2,37.68 1 1
github.com/ojo-network/ojo/x/oracle/keeper/msg_server.go:42.2,42.54 1 0
github.com/ojo-network/ojo/x/oracle/keeper/msg_server.go:47.2,48.16 2 0
github.com/ojo-network/ojo/x/oracle/keeper/msg_server.go:52.2,55.62 3 0
github.com/ojo-network/ojo/x/oracle/keeper/msg_server.go:29.16,31.3 1 0
github.com/ojo-network/ojo/x/oracle/keeper/msg_server.go:33.16,35.3 1 0
github.com/ojo-network/ojo/x/oracle/keeper/msg_server.go:37.68,39.3 1 0
github.com/ojo-network/ojo/x/oracle/keeper/msg_server.go:42.54,44.3 1 0
github.com/ojo-network/ojo/x/oracle/keeper/msg_server.go:48.16,50.3 1 0
github.com/ojo-network/ojo/x/oracle/keeper/msg_server.go:61.56,64.16 3 1
github.com/ojo-network/ojo/x/oracle/keeper/msg_server.go:67.2,68.16 2 1
github.com/ojo-network/ojo/x/oracle/keeper/msg_server.go:71.2,71.68 1 1
github.com/ojo-network/ojo/x/oracle/keeper/msg_server.go:75.2,77.16 3 0
github.com/ojo-network/ojo/x/oracle/keeper/msg_server.go:82.2,82.105 1 0
github.com/ojo-network/ojo/x/oracle/keeper/msg_server.go:86.2,87.16 2 0
github.com/ojo-network/ojo/x/oracle/keeper/msg_server.go:92.2,93.44 2 0
github.com/ojo-network/ojo/x/oracle/keeper/msg_server.go:98.2,99.43 2 0
github.com/ojo-network/ojo/x/oracle/keeper/msg_server.go:106.2,109.59 3 0
github.com/ojo-network/ojo/x/oracle/keeper/msg_server.go:64.16,66.3 1 0
github.com/ojo-network/ojo/x/oracle/keeper/msg_server.go:68.16,70.3 1 0
github.com/ojo-network/ojo/x/oracle/keeper/msg_server.go:71.68,73.3 1 0
github.com/ojo-network/ojo/x/oracle/keeper/msg_server.go:77.16,79.3 1 0
github.com/ojo-network/ojo/x/oracle/keeper/msg_server.go:82.105,84.3 1 0
github.com/ojo-network/ojo/x/oracle/keeper/msg_server.go:87.16,89.3 1 0
github.com/ojo-network/ojo/x/oracle/keeper/msg_server.go:93.44,95.3 1 0
github.com/ojo-network/ojo/x/oracle/keeper/msg_server.go:99.43,100.46 1 0
github.com/ojo-network/ojo/x/oracle/keeper/msg_server.go:100.46,102.4 1 0
github.com/ojo-network/ojo/x/oracle/keeper/msg_server.go:115.50,119.16 3 1
github.com/ojo-network/ojo/x/oracle/keeper/msg_server.go:123.2,124.16 2 1
github.com/ojo-network/ojo/x/oracle/keeper/msg_server.go:128.2,129.16 2 1
github.com/ojo-network/ojo/x/oracle/keeper/msg_server.go:133.2,138.53 3 0
github.com/ojo-network/ojo/x/oracle/keeper/msg_server.go:119.16,121.3 1 0
github.com/ojo-network/ojo/x/oracle/keeper/msg_server.go:124.16,126.3 1 0
github.com/ojo-network/ojo/x/oracle/keeper/msg_server.go:129.16,131.3 1 0
github.com/ojo-network/ojo/x/oracle/keeper/params.go:10.58,13.2 2 3
github.com/ojo-network/ojo/x/oracle/keeper/params.go:17.62,20.2 2 2
github.com/ojo-network/ojo/x/oracle/keeper/params.go:24.59,27.2 2 0
github.com/ojo-network/ojo/x/oracle/keeper/params.go:31.72,34.2 2 0
github.com/ojo-network/ojo/x/oracle/keeper/params.go:37.67,40.2 2 0
github.com/ojo-network/ojo/x/oracle/keeper/params.go:44.76,46.2 1 0
github.com/ojo-network/ojo/x/oracle/keeper/params.go:49.62,52.2 2 3
github.com/ojo-network/ojo/x/oracle/keeper/params.go:55.59,58.2 2 3
github.com/ojo-network/ojo/x/oracle/keeper/params.go:61.66,64.2 2 3
github.com/ojo-network/ojo/x/oracle/keeper/params.go:67.66,70.2 2 6
github.com/ojo-network/ojo/x/oracle/keeper/params.go:73.65,75.2 1 41
github.com/ojo-network/ojo/x/oracle/keeper/reward.go:13.56,14.50 1 4
github.com/ojo-network/ojo/x/oracle/keeper/reward.go:17.2,20.21 4 3
github.com/ojo-network/ojo/x/oracle/keeper/reward.go:14.50,16.3 1 1
github.com/ojo-network/ojo/x/oracle/keeper/reward.go:32.3,35.39 2 1
github.com/ojo-network/ojo/x/oracle/keeper/reward.go:40.2,40.25 1 1
github.com/ojo-network/ojo/x/oracle/keeper/reward.go:44.2,47.37 4 0
github.com/ojo-network/ojo/x/oracle/keeper/reward.go:62.2,64.39 2 0
github.com/ojo-network/ojo/x/oracle/keeper/reward.go:82.2,83.16 2 0
github.com/ojo-network/ojo/x/oracle/keeper/reward.go:35.39,37.3 1 1
github.com/ojo-network/ojo/x/oracle/keeper/reward.go:40.25,42.3 1 1
github.com/ojo-network/ojo/x/oracle/keeper/reward.go:47.37,51.26 2 0
github.com/ojo-network/ojo/x/oracle/keeper/reward.go:55.3,58.5 1 0
github.com/ojo-network/ojo/x/oracle/keeper/reward.go:51.26,52.12 1 0
github.com/ojo-network/ojo/x/oracle/keeper/reward.go:64.39,67.25 2 0
github.com/ojo-network/ojo/x/oracle/keeper/reward.go:72.3,73.27 2 0
github.com/ojo-network/ojo/x/oracle/keeper/reward.go:77.3,78.60 2 0
github.com/ojo-network/ojo/x/oracle/keeper/reward.go:67.25,68.12 1 0
github.com/ojo-network/ojo/x/oracle/keeper/reward.go:73.27,74.12 1 0
github.com/ojo-network/ojo/x/oracle/keeper/reward.go:83.16,84.75 1 0
github.com/ojo-network/ojo/x/oracle/keeper/slash.go:13.60,29.84 5 2
github.com/ojo-network/ojo/x/oracle/keeper/slash.go:29.84,35.42 3 2
github.com/ojo-network/ojo/x/oracle/keeper/slash.go:54.3,55.15 2 1
github.com/ojo-network/ojo/x/oracle/keeper/slash.go:35.42,37.53 2 1
github.com/ojo-network/ojo/x/oracle/keeper/slash.go:37.53,39.19 2 0
github.com/ojo-network/ojo/x/oracle/keeper/slash.go:43.5,50.40 2 0
github.com/ojo-network/ojo/x/oracle/keeper/slash.go:39.19,40.16 1 0
github.com/ojo-network/ojo/x/oracle/keeper/alias_functions.go:11.76,13.2 1 40
github.com/ojo-network/ojo/x/oracle/keeper/alias_functions.go:16.71,19.2 2 0
github.com/ojo-network/ojo/x/oracle/keeper/ballot.go:16.23,20.96 2 2
github.com/ojo-network/ojo/x/oracle/keeper/ballot.go:39.2,42.35 2 2
github.com/ojo-network/ojo/x/oracle/keeper/ballot.go:46.2,46.38 1 2
github.com/ojo-network/ojo/x/oracle/keeper/ballot.go:20.96,23.9 2 1
github.com/ojo-network/ojo/x/oracle/keeper/ballot.go:36.3,36.15 1 1
github.com/ojo-network/ojo/x/oracle/keeper/ballot.go:23.9,26.50 2 1
github.com/ojo-network/ojo/x/oracle/keeper/ballot.go:26.50,33.5 2 1
github.com/ojo-network/ojo/x/oracle/keeper/ballot.go:42.35,45.3 2 1
github.com/ojo-network/ojo/x/oracle/keeper/ballot.go:50.66,54.86 1 1
github.com/ojo-network/ojo/x/oracle/keeper/ballot.go:64.2,66.74 1 1
github.com/ojo-network/ojo/x/oracle/keeper/ballot.go:54.86,55.68 1 1
github.com/ojo-network/ojo/x/oracle/keeper/ballot.go:59.4,59.16 1 1
github.com/ojo-network/ojo/x/oracle/keeper/ballot.go:55.68,57.5 1 1
github.com/ojo-network/ojo/x/oracle/keeper/ballot.go:66.74,69.4 2 1
